running egg_info
creating ../../../build/pinky_bringup/pinky_bringup.egg-info
writing ../../../build/pinky_bringup/pinky_bringup.egg-info/PKG-INFO
writing dependency_links to ../../../build/pinky_bringup/pinky_bringup.egg-info/dependency_links.txt
writing entry points to ../../../build/pinky_bringup/pinky_bringup.egg-info/entry_points.txt
writing requirements to ../../../build/pinky_bringup/pinky_bringup.egg-info/requires.txt
writing top-level names to ../../../build/pinky_bringup/pinky_bringup.egg-info/top_level.txt
writing manifest file '../../../build/pinky_bringup/pinky_bringup.egg-info/SOURCES.txt'
reading manifest file '../../../build/pinky_bringup/pinky_bringup.egg-info/SOURCES.txt'
writing manifest file '../../../build/pinky_bringup/pinky_bringup.egg-info/SOURCES.txt'
running build
running build_py
creating /home/pinky/pinky_violet/build/pinky_bringup/build
creating /home/pinky/pinky_violet/build/pinky_bringup/build/lib
creating /home/pinky/pinky_violet/build/pinky_bringup/build/lib/pinky_bringup
copying pinky_bringup/__init__.py -> /home/pinky/pinky_violet/build/pinky_bringup/build/lib/pinky_bringup
copying pinky_bringup/pinkylib.py -> /home/pinky/pinky_violet/build/pinky_bringup/build/lib/pinky_bringup
copying pinky_bringup/pinky_bringup.py -> /home/pinky/pinky_violet/build/pinky_bringup/build/lib/pinky_bringup
copying pinky_bringup/battery.py -> /home/pinky/pinky_violet/build/pinky_bringup/build/lib/pinky_bringup
running install
running install_lib
creating /home/pinky/pinky_violet/install/pinky_bringup/lib/python3.12/site-packages/pinky_bringup
copying /home/pinky/pinky_violet/build/pinky_bringup/build/lib/pinky_bringup/__init__.py -> /home/pinky/pinky_violet/install/pinky_bringup/lib/python3.12/site-packages/pinky_bringup
copying /home/pinky/pinky_violet/build/pinky_bringup/build/lib/pinky_bringup/pinkylib.py -> /home/pinky/pinky_violet/install/pinky_bringup/lib/python3.12/site-packages/pinky_bringup
copying /home/pinky/pinky_violet/build/pinky_bringup/build/lib/pinky_bringup/pinky_bringup.py -> /home/pinky/pinky_violet/install/pinky_bringup/lib/python3.12/site-packages/pinky_bringup
copying /home/pinky/pinky_violet/build/pinky_bringup/build/lib/pinky_bringup/battery.py -> /home/pinky/pinky_violet/install/pinky_bringup/lib/python3.12/site-packages/pinky_bringup
byte-compiling /home/pinky/pinky_violet/install/pinky_bringup/lib/python3.12/site-packages/pinky_bringup/__init__.py to __init__.cpython-312.pyc
byte-compiling /home/pinky/pinky_violet/install/pinky_bringup/lib/python3.12/site-packages/pinky_bringup/pinkylib.py to pinkylib.cpython-312.pyc
byte-compiling /home/pinky/pinky_violet/install/pinky_bringup/lib/python3.12/site-packages/pinky_bringup/pinky_bringup.py to pinky_bringup.cpython-312.pyc
byte-compiling /home/pinky/pinky_violet/install/pinky_bringup/lib/python3.12/site-packages/pinky_bringup/battery.py to battery.cpython-312.pyc
running install_data
creating /home/pinky/pinky_violet/install/pinky_bringup/share/ament_index
creating /home/pinky/pinky_violet/install/pinky_bringup/share/ament_index/resource_index
creating /home/pinky/pinky_violet/install/pinky_bringup/share/ament_index/resource_index/packages
copying resource/pinky_bringup -> /home/pinky/pinky_violet/install/pinky_bringup/share/ament_index/resource_index/packages
copying package.xml -> /home/pinky/pinky_violet/install/pinky_bringup/share/pinky_bringup
creating /home/pinky/pinky_violet/install/pinky_bringup/share/pinky_bringup/launch
copying launch/bringup.launch.xml -> /home/pinky/pinky_violet/install/pinky_bringup/share/pinky_bringup/launch
running install_egg_info
Copying ../../../build/pinky_bringup/pinky_bringup.egg-info to /home/pinky/pinky_violet/install/pinky_bringup/lib/python3.12/site-packages/pinky_bringup-0.0.0-py3.12.egg-info
running install_scripts
Installing pinky_bringup script to /home/pinky/pinky_violet/install/pinky_bringup/lib/pinky_bringup
writing list of installed files to '/home/pinky/pinky_violet/build/pinky_bringup/install.log'
