[0.554s] DEBUG:colcon:Command line arguments: ['/usr/bin/colcon', 'build']
[0.554s] DEBUG:colcon:Parsed command line arguments: Namespace(log_base=None, log_level=None, verb_name='build', build_base='build', install_base='install', merge_install=False, symlink_install=False, test_result_base=None, continue_on_error=False, executor='parallel', parallel_workers=4, event_handlers=None, ignore_user_meta=False, metas=['./colcon.meta'], base_paths=['.'], packages_ignore=None, packages_ignore_regex=None, paths=None, packages_up_to=None, packages_up_to_regex=None, packages_above=None, packages_above_and_dependencies=None, packages_above_depth=None, packages_select_by_dep=None, packages_skip_by_dep=None, packages_skip_up_to=None, packages_select_build_failed=False, packages_skip_build_finished=False, packages_select_test_failures=False, packages_skip_test_passed=False, packages_select=None, packages_skip=None, packages_select_regex=None, packages_skip_regex=None, packages_start=None, packages_end=None, allow_overriding=[], cmake_args=None, cmake_target=None, cmake_target_skip_unavailable=False, cmake_clean_cache=False, cmake_clean_first=False, cmake_force_configure=False, ament_cmake_args=None, catkin_cmake_args=None, catkin_skip_building_tests=False, mixin_files=None, mixin=None, verb_parser=<colcon_mixin.mixin.mixin_argument.MixinArgumentDecorator object at 0xffffb33a4860>, verb_extension=<colcon_core.verb.build.BuildVerb object at 0xffffb43eaab0>, main=<bound method BuildVerb.main of <colcon_core.verb.build.BuildVerb object at 0xffffb43eaab0>>, mixin_verb=('build',))
[0.670s] Level 1:colcon.colcon_core.package_discovery:discover_packages(colcon_meta) check parameters
[0.671s] Level 1:colcon.colcon_core.package_discovery:discover_packages(recursive) check parameters
[0.671s] Level 1:colcon.colcon_core.package_discovery:discover_packages(ignore) check parameters
[0.671s] Level 1:colcon.colcon_core.package_discovery:discover_packages(path) check parameters
[0.671s] Level 1:colcon.colcon_core.package_discovery:discover_packages(colcon_meta) discover
[0.671s] Level 1:colcon.colcon_core.package_discovery:discover_packages(recursive) discover
[0.671s] INFO:colcon.colcon_core.package_discovery:Crawling recursively for packages in '/home/pinky/pinky_violet'
[0.671s] Level 1:colcon.colcon_core.package_identification:_identify(.) by extensions ['ignore', 'ignore_ament_install']
[0.671s] Level 1:colcon.colcon_core.package_identification:_identify(.) by extension 'ignore'
[0.671s] Level 1:colcon.colcon_core.package_identification:_identify(.) by extension 'ignore_ament_install'
[0.671s] Level 1:colcon.colcon_core.package_identification:_identify(.) by extensions ['colcon_pkg']
[0.671s] Level 1:colcon.colcon_core.package_identification:_identify(.) by extension 'colcon_pkg'
[0.672s] Level 1:colcon.colcon_core.package_identification:_identify(.) by extensions ['colcon_meta']
[0.672s] Level 1:colcon.colcon_core.package_identification:_identify(.) by extension 'colcon_meta'
[0.672s] Level 1:colcon.colcon_core.package_identification:_identify(.) by extensions ['ros']
[0.672s] Level 1:colcon.colcon_core.package_identification:_identify(.) by extension 'ros'
[0.725s] Level 1:colcon.colcon_core.package_identification:_identify(.) by extensions ['cmake', 'python']
[0.726s] Level 1:colcon.colcon_core.package_identification:_identify(.) by extension 'cmake'
[0.726s] Level 1:colcon.colcon_core.package_identification:_identify(.) by extension 'python'
[0.726s] Level 1:colcon.colcon_core.package_identification:_identify(.) by extensions ['python_setup_py']
[0.726s] Level 1:colcon.colcon_core.package_identification:_identify(.) by extension 'python_setup_py'
[0.726s] Level 1:colcon.colcon_core.package_identification:_identify(build) by extensions ['ignore', 'ignore_ament_install']
[0.726s] Level 1:colcon.colcon_core.package_identification:_identify(build) by extension 'ignore'
[0.726s] Level 1:colcon.colcon_core.package_identification:_identify(build) ignored
[0.726s] Level 1:colcon.colcon_core.package_identification:_identify(install) by extensions ['ignore', 'ignore_ament_install']
[0.726s] Level 1:colcon.colcon_core.package_identification:_identify(install) by extension 'ignore'
[0.726s] Level 1:colcon.colcon_core.package_identification:_identify(install) ignored
[0.726s] Level 1:colcon.colcon_core.package_identification:_identify(log) by extensions ['ignore', 'ignore_ament_install']
[0.727s] Level 1:colcon.colcon_core.package_identification:_identify(log) by extension 'ignore'
[0.727s] Level 1:colcon.colcon_core.package_identification:_identify(log) ignored
[0.727s] Level 1:colcon.colcon_core.package_identification:_identify(src) by extensions ['ignore', 'ignore_ament_install']
[0.727s] Level 1:colcon.colcon_core.package_identification:_identify(src) by extension 'ignore'
[0.727s] Level 1:colcon.colcon_core.package_identification:_identify(src) by extension 'ignore_ament_install'
[0.727s] Level 1:colcon.colcon_core.package_identification:_identify(src) by extensions ['colcon_pkg']
[0.727s] Level 1:colcon.colcon_core.package_identification:_identify(src) by extension 'colcon_pkg'
[0.727s] Level 1:colcon.colcon_core.package_identification:_identify(src) by extensions ['colcon_meta']
[0.727s] Level 1:colcon.colcon_core.package_identification:_identify(src) by extension 'colcon_meta'
[0.727s] Level 1:colcon.colcon_core.package_identification:_identify(src) by extensions ['ros']
[0.727s] Level 1:colcon.colcon_core.package_identification:_identify(src) by extension 'ros'
[0.727s] Level 1:colcon.colcon_core.package_identification:_identify(src) by extensions ['cmake', 'python']
[0.727s] Level 1:colcon.colcon_core.package_identification:_identify(src) by extension 'cmake'
[0.727s] Level 1:colcon.colcon_core.package_identification:_identify(src) by extension 'python'
[0.727s] Level 1:colcon.colcon_core.package_identification:_identify(src) by extensions ['python_setup_py']
[0.727s] Level 1:colcon.colcon_core.package_identification:_identify(src) by extension 'python_setup_py'
[0.727s] Level 1:colcon.colcon_core.package_identification:_identify(src/pinky_violet) by extensions ['ignore', 'ignore_ament_install']
[0.728s] Level 1:colcon.colcon_core.package_identification:_identify(src/pinky_violet) by extension 'ignore'
[0.728s] Level 1:colcon.colcon_core.package_identification:_identify(src/pinky_violet) by extension 'ignore_ament_install'
[0.728s] Level 1:colcon.colcon_core.package_identification:_identify(src/pinky_violet) by extensions ['colcon_pkg']
[0.728s] Level 1:colcon.colcon_core.package_identification:_identify(src/pinky_violet) by extension 'colcon_pkg'
[0.728s] Level 1:colcon.colcon_core.package_identification:_identify(src/pinky_violet) by extensions ['colcon_meta']
[0.728s] Level 1:colcon.colcon_core.package_identification:_identify(src/pinky_violet) by extension 'colcon_meta'
[0.728s] Level 1:colcon.colcon_core.package_identification:_identify(src/pinky_violet) by extensions ['ros']
[0.728s] Level 1:colcon.colcon_core.package_identification:_identify(src/pinky_violet) by extension 'ros'
[0.728s] Level 1:colcon.colcon_core.package_identification:_identify(src/pinky_violet) by extensions ['cmake', 'python']
[0.728s] Level 1:colcon.colcon_core.package_identification:_identify(src/pinky_violet) by extension 'cmake'
[0.728s] Level 1:colcon.colcon_core.package_identification:_identify(src/pinky_violet) by extension 'python'
[0.728s] Level 1:colcon.colcon_core.package_identification:_identify(src/pinky_violet) by extensions ['python_setup_py']
[0.728s] Level 1:colcon.colcon_core.package_identification:_identify(src/pinky_violet) by extension 'python_setup_py'
[0.729s] Level 1:colcon.colcon_core.package_identification:_identify(src/pinky_violet/doc) by extensions ['ignore', 'ignore_ament_install']
[0.729s] Level 1:colcon.colcon_core.package_identification:_identify(src/pinky_violet/doc) by extension 'ignore'
[0.729s] Level 1:colcon.colcon_core.package_identification:_identify(src/pinky_violet/doc) by extension 'ignore_ament_install'
[0.729s] Level 1:colcon.colcon_core.package_identification:_identify(src/pinky_violet/doc) by extensions ['colcon_pkg']
[0.729s] Level 1:colcon.colcon_core.package_identification:_identify(src/pinky_violet/doc) by extension 'colcon_pkg'
[0.729s] Level 1:colcon.colcon_core.package_identification:_identify(src/pinky_violet/doc) by extensions ['colcon_meta']
[0.729s] Level 1:colcon.colcon_core.package_identification:_identify(src/pinky_violet/doc) by extension 'colcon_meta'
[0.729s] Level 1:colcon.colcon_core.package_identification:_identify(src/pinky_violet/doc) by extensions ['ros']
[0.729s] Level 1:colcon.colcon_core.package_identification:_identify(src/pinky_violet/doc) by extension 'ros'
[0.729s] Level 1:colcon.colcon_core.package_identification:_identify(src/pinky_violet/doc) by extensions ['cmake', 'python']
[0.729s] Level 1:colcon.colcon_core.package_identification:_identify(src/pinky_violet/doc) by extension 'cmake'
[0.730s] Level 1:colcon.colcon_core.package_identification:_identify(src/pinky_violet/doc) by extension 'python'
[0.730s] Level 1:colcon.colcon_core.package_identification:_identify(src/pinky_violet/doc) by extensions ['python_setup_py']
[0.730s] Level 1:colcon.colcon_core.package_identification:_identify(src/pinky_violet/doc) by extension 'python_setup_py'
[0.730s] Level 1:colcon.colcon_core.package_identification:_identify(src/pinky_violet/pinky_bringup) by extensions ['ignore', 'ignore_ament_install']
[0.730s] Level 1:colcon.colcon_core.package_identification:_identify(src/pinky_violet/pinky_bringup) by extension 'ignore'
[0.730s] Level 1:colcon.colcon_core.package_identification:_identify(src/pinky_violet/pinky_bringup) by extension 'ignore_ament_install'
[0.730s] Level 1:colcon.colcon_core.package_identification:_identify(src/pinky_violet/pinky_bringup) by extensions ['colcon_pkg']
[0.730s] Level 1:colcon.colcon_core.package_identification:_identify(src/pinky_violet/pinky_bringup) by extension 'colcon_pkg'
[0.730s] Level 1:colcon.colcon_core.package_identification:_identify(src/pinky_violet/pinky_bringup) by extensions ['colcon_meta']
[0.730s] Level 1:colcon.colcon_core.package_identification:_identify(src/pinky_violet/pinky_bringup) by extension 'colcon_meta'
[0.730s] Level 1:colcon.colcon_core.package_identification:_identify(src/pinky_violet/pinky_bringup) by extensions ['ros']
[0.731s] Level 1:colcon.colcon_core.package_identification:_identify(src/pinky_violet/pinky_bringup) by extension 'ros'
[0.736s] DEBUG:colcon.colcon_core.package_identification:Package 'src/pinky_violet/pinky_bringup' with type 'ros.ament_python' and name 'pinky_bringup'
[0.736s] Level 1:colcon.colcon_core.package_identification:_identify(src/pinky_violet/pinky_cartographer) by extensions ['ignore', 'ignore_ament_install']
[0.737s] Level 1:colcon.colcon_core.package_identification:_identify(src/pinky_violet/pinky_cartographer) by extension 'ignore'
[0.737s] Level 1:colcon.colcon_core.package_identification:_identify(src/pinky_violet/pinky_cartographer) by extension 'ignore_ament_install'
[0.737s] Level 1:colcon.colcon_core.package_identification:_identify(src/pinky_violet/pinky_cartographer) by extensions ['colcon_pkg']
[0.737s] Level 1:colcon.colcon_core.package_identification:_identify(src/pinky_violet/pinky_cartographer) by extension 'colcon_pkg'
[0.737s] Level 1:colcon.colcon_core.package_identification:_identify(src/pinky_violet/pinky_cartographer) by extensions ['colcon_meta']
[0.737s] Level 1:colcon.colcon_core.package_identification:_identify(src/pinky_violet/pinky_cartographer) by extension 'colcon_meta'
[0.737s] Level 1:colcon.colcon_core.package_identification:_identify(src/pinky_violet/pinky_cartographer) by extensions ['ros']
[0.737s] Level 1:colcon.colcon_core.package_identification:_identify(src/pinky_violet/pinky_cartographer) by extension 'ros'
[0.738s] DEBUG:colcon.colcon_core.package_identification:Package 'src/pinky_violet/pinky_cartographer' with type 'ros.ament_cmake' and name 'pinky_cartographer'
[0.738s] Level 1:colcon.colcon_core.package_identification:_identify(src/pinky_violet/pinky_description) by extensions ['ignore', 'ignore_ament_install']
[0.738s] Level 1:colcon.colcon_core.package_identification:_identify(src/pinky_violet/pinky_description) by extension 'ignore'
[0.738s] Level 1:colcon.colcon_core.package_identification:_identify(src/pinky_violet/pinky_description) by extension 'ignore_ament_install'
[0.739s] Level 1:colcon.colcon_core.package_identification:_identify(src/pinky_violet/pinky_description) by extensions ['colcon_pkg']
[0.739s] Level 1:colcon.colcon_core.package_identification:_identify(src/pinky_violet/pinky_description) by extension 'colcon_pkg'
[0.739s] Level 1:colcon.colcon_core.package_identification:_identify(src/pinky_violet/pinky_description) by extensions ['colcon_meta']
[0.739s] Level 1:colcon.colcon_core.package_identification:_identify(src/pinky_violet/pinky_description) by extension 'colcon_meta'
[0.739s] Level 1:colcon.colcon_core.package_identification:_identify(src/pinky_violet/pinky_description) by extensions ['ros']
[0.739s] Level 1:colcon.colcon_core.package_identification:_identify(src/pinky_violet/pinky_description) by extension 'ros'
[0.740s] DEBUG:colcon.colcon_core.package_identification:Package 'src/pinky_violet/pinky_description' with type 'ros.ament_cmake' and name 'pinky_description'
[0.740s] Level 1:colcon.colcon_core.package_identification:_identify(src/pinky_violet/pinky_gazebo) by extensions ['ignore', 'ignore_ament_install']
[0.740s] Level 1:colcon.colcon_core.package_identification:_identify(src/pinky_violet/pinky_gazebo) by extension 'ignore'
[0.741s] Level 1:colcon.colcon_core.package_identification:_identify(src/pinky_violet/pinky_gazebo) by extension 'ignore_ament_install'
[0.741s] Level 1:colcon.colcon_core.package_identification:_identify(src/pinky_violet/pinky_gazebo) by extensions ['colcon_pkg']
[0.741s] Level 1:colcon.colcon_core.package_identification:_identify(src/pinky_violet/pinky_gazebo) by extension 'colcon_pkg'
[0.741s] Level 1:colcon.colcon_core.package_identification:_identify(src/pinky_violet/pinky_gazebo) by extensions ['colcon_meta']
[0.741s] Level 1:colcon.colcon_core.package_identification:_identify(src/pinky_violet/pinky_gazebo) by extension 'colcon_meta'
[0.741s] Level 1:colcon.colcon_core.package_identification:_identify(src/pinky_violet/pinky_gazebo) by extensions ['ros']
[0.741s] Level 1:colcon.colcon_core.package_identification:_identify(src/pinky_violet/pinky_gazebo) by extension 'ros'
[0.742s] DEBUG:colcon.colcon_core.package_identification:Package 'src/pinky_violet/pinky_gazebo' with type 'ros.ament_cmake' and name 'pinky_gazebo'
[0.743s] Level 1:colcon.colcon_core.package_identification:_identify(src/pinky_violet/pinky_navigation) by extensions ['ignore', 'ignore_ament_install']
[0.743s] Level 1:colcon.colcon_core.package_identification:_identify(src/pinky_violet/pinky_navigation) by extension 'ignore'
[0.743s] Level 1:colcon.colcon_core.package_identification:_identify(src/pinky_violet/pinky_navigation) by extension 'ignore_ament_install'
[0.743s] Level 1:colcon.colcon_core.package_identification:_identify(src/pinky_violet/pinky_navigation) by extensions ['colcon_pkg']
[0.743s] Level 1:colcon.colcon_core.package_identification:_identify(src/pinky_violet/pinky_navigation) by extension 'colcon_pkg'
[0.743s] Level 1:colcon.colcon_core.package_identification:_identify(src/pinky_violet/pinky_navigation) by extensions ['colcon_meta']
[0.743s] Level 1:colcon.colcon_core.package_identification:_identify(src/pinky_violet/pinky_navigation) by extension 'colcon_meta'
[0.743s] Level 1:colcon.colcon_core.package_identification:_identify(src/pinky_violet/pinky_navigation) by extensions ['ros']
[0.743s] Level 1:colcon.colcon_core.package_identification:_identify(src/pinky_violet/pinky_navigation) by extension 'ros'
[0.744s] DEBUG:colcon.colcon_core.package_identification:Package 'src/pinky_violet/pinky_navigation' with type 'ros.ament_cmake' and name 'pinky_navigation'
[0.745s] Level 1:colcon.colcon_core.package_identification:_identify(src/ros2_icm20948) by extensions ['ignore', 'ignore_ament_install']
[0.745s] Level 1:colcon.colcon_core.package_identification:_identify(src/ros2_icm20948) by extension 'ignore'
[0.745s] Level 1:colcon.colcon_core.package_identification:_identify(src/ros2_icm20948) by extension 'ignore_ament_install'
[0.745s] Level 1:colcon.colcon_core.package_identification:_identify(src/ros2_icm20948) by extensions ['colcon_pkg']
[0.745s] Level 1:colcon.colcon_core.package_identification:_identify(src/ros2_icm20948) by extension 'colcon_pkg'
[0.745s] Level 1:colcon.colcon_core.package_identification:_identify(src/ros2_icm20948) by extensions ['colcon_meta']
[0.745s] Level 1:colcon.colcon_core.package_identification:_identify(src/ros2_icm20948) by extension 'colcon_meta'
[0.745s] Level 1:colcon.colcon_core.package_identification:_identify(src/ros2_icm20948) by extensions ['ros']
[0.745s] Level 1:colcon.colcon_core.package_identification:_identify(src/ros2_icm20948) by extension 'ros'
[0.746s] DEBUG:colcon.colcon_core.package_identification:Package 'src/ros2_icm20948' with type 'ros.ament_python' and name 'ros2_icm20948'
[0.747s] Level 1:colcon.colcon_core.package_identification:_identify(src/sllidar_ros2) by extensions ['ignore', 'ignore_ament_install']
[0.747s] Level 1:colcon.colcon_core.package_identification:_identify(src/sllidar_ros2) by extension 'ignore'
[0.747s] Level 1:colcon.colcon_core.package_identification:_identify(src/sllidar_ros2) by extension 'ignore_ament_install'
[0.747s] Level 1:colcon.colcon_core.package_identification:_identify(src/sllidar_ros2) by extensions ['colcon_pkg']
[0.747s] Level 1:colcon.colcon_core.package_identification:_identify(src/sllidar_ros2) by extension 'colcon_pkg'
[0.747s] Level 1:colcon.colcon_core.package_identification:_identify(src/sllidar_ros2) by extensions ['colcon_meta']
[0.747s] Level 1:colcon.colcon_core.package_identification:_identify(src/sllidar_ros2) by extension 'colcon_meta'
[0.747s] Level 1:colcon.colcon_core.package_identification:_identify(src/sllidar_ros2) by extensions ['ros']
[0.747s] Level 1:colcon.colcon_core.package_identification:_identify(src/sllidar_ros2) by extension 'ros'
[0.748s] DEBUG:colcon.colcon_core.package_identification:Package 'src/sllidar_ros2' with type 'ros.ament_cmake' and name 'sllidar_ros2'
[0.749s] Level 1:colcon.colcon_core.package_discovery:discover_packages(recursive) using defaults
[0.749s] Level 1:colcon.colcon_core.package_discovery:discover_packages(ignore) discover
[0.749s] Level 1:colcon.colcon_core.package_discovery:discover_packages(ignore) using defaults
[0.749s] Level 1:colcon.colcon_core.package_discovery:discover_packages(path) discover
[0.749s] Level 1:colcon.colcon_core.package_discovery:discover_packages(path) using defaults
[0.790s] Level 1:colcon.colcon_core.package_discovery:discover_packages(prefix_path) check parameters
[0.790s] Level 1:colcon.colcon_core.package_discovery:discover_packages(prefix_path) discover
[0.794s] WARNING:colcon.colcon_ros.prefix_path.ament:The path '/home/pinky/pinky_violet/install/sllidar_ros2' in the environment variable AMENT_PREFIX_PATH doesn't exist
[0.794s] WARNING:colcon.colcon_ros.prefix_path.ament:The path '/home/pinky/pinky_violet/install/pinky_bringup' in the environment variable AMENT_PREFIX_PATH doesn't exist
[0.794s] WARNING:colcon.colcon_ros.prefix_path.ament:The path '/home/pinky/pinky_violet/install/ros2_icm20948' in the environment variable AMENT_PREFIX_PATH doesn't exist
[0.794s] WARNING:colcon.colcon_ros.prefix_path.ament:The path '/home/pinky/pinky_violet/install/pinky_navigation' in the environment variable AMENT_PREFIX_PATH doesn't exist
[0.794s] WARNING:colcon.colcon_ros.prefix_path.ament:The path '/home/pinky/pinky_violet/install/pinky_gazebo' in the environment variable AMENT_PREFIX_PATH doesn't exist
[0.794s] WARNING:colcon.colcon_ros.prefix_path.ament:The path '/home/pinky/pinky_violet/install/pinky_description' in the environment variable AMENT_PREFIX_PATH doesn't exist
[0.794s] WARNING:colcon.colcon_ros.prefix_path.ament:The path '/home/pinky/pinky_violet/install/pinky_cartographer' in the environment variable AMENT_PREFIX_PATH doesn't exist
[0.794s] WARNING:colcon.colcon_ros.prefix_path.catkin:The path '/home/pinky/pinky_violet/install/sllidar_ros2' in the environment variable CMAKE_PREFIX_PATH doesn't exist
[0.794s] WARNING:colcon.colcon_ros.prefix_path.catkin:The path '/home/pinky/pinky_violet/install/pinky_navigation' in the environment variable CMAKE_PREFIX_PATH doesn't exist
[0.794s] WARNING:colcon.colcon_ros.prefix_path.catkin:The path '/home/pinky/pinky_violet/install/pinky_gazebo' in the environment variable CMAKE_PREFIX_PATH doesn't exist
[0.794s] WARNING:colcon.colcon_ros.prefix_path.catkin:The path '/home/pinky/pinky_violet/install/pinky_description' in the environment variable CMAKE_PREFIX_PATH doesn't exist
[0.794s] WARNING:colcon.colcon_ros.prefix_path.catkin:The path '/home/pinky/pinky_violet/install/pinky_cartographer' in the environment variable CMAKE_PREFIX_PATH doesn't exist
[0.796s] DEBUG:colcon.colcon_installed_package_information.package_discovery:Found 0 installed packages in /home/pinky/pinky_violet/install
[0.799s] DEBUG:colcon.colcon_installed_package_information.package_discovery:Found 377 installed packages in /opt/ros/jazzy
[0.802s] Level 1:colcon.colcon_core.package_discovery:discover_packages(prefix_path) using defaults
[0.877s] Level 5:colcon.colcon_core.verb:set package 'pinky_cartographer' build argument 'cmake_args' from command line to 'None'
[0.877s] Level 5:colcon.colcon_core.verb:set package 'pinky_cartographer' build argument 'cmake_target' from command line to 'None'
[0.877s] Level 5:colcon.colcon_core.verb:set package 'pinky_cartographer' build argument 'cmake_target_skip_unavailable' from command line to 'False'
[0.877s] Level 5:colcon.colcon_core.verb:set package 'pinky_cartographer' build argument 'cmake_clean_cache' from command line to 'False'
[0.877s] Level 5:colcon.colcon_core.verb:set package 'pinky_cartographer' build argument 'cmake_clean_first' from command line to 'False'
[0.877s] Level 5:colcon.colcon_core.verb:set package 'pinky_cartographer' build argument 'cmake_force_configure' from command line to 'False'
[0.877s] Level 5:colcon.colcon_core.verb:set package 'pinky_cartographer' build argument 'ament_cmake_args' from command line to 'None'
[0.877s] Level 5:colcon.colcon_core.verb:set package 'pinky_cartographer' build argument 'catkin_cmake_args' from command line to 'None'
[0.877s] Level 5:colcon.colcon_core.verb:set package 'pinky_cartographer' build argument 'catkin_skip_building_tests' from command line to 'False'
[0.877s] DEBUG:colcon.colcon_core.verb:Building package 'pinky_cartographer' with the following arguments: {'ament_cmake_args': None, 'build_base': '/home/pinky/pinky_violet/build/pinky_cartographer', 'catkin_cmake_args': None, 'catkin_skip_building_tests': False, 'cmake_args': None, 'cmake_clean_cache': False, 'cmake_clean_first': False, 'cmake_force_configure': False, 'cmake_target': None, 'cmake_target_skip_unavailable': False, 'install_base': '/home/pinky/pinky_violet/install/pinky_cartographer', 'merge_install': False, 'path': '/home/pinky/pinky_violet/src/pinky_violet/pinky_cartographer', 'symlink_install': False, 'test_result_base': None}
[0.878s] Level 5:colcon.colcon_core.verb:set package 'pinky_description' build argument 'cmake_args' from command line to 'None'
[0.878s] Level 5:colcon.colcon_core.verb:set package 'pinky_description' build argument 'cmake_target' from command line to 'None'
[0.878s] Level 5:colcon.colcon_core.verb:set package 'pinky_description' build argument 'cmake_target_skip_unavailable' from command line to 'False'
[0.878s] Level 5:colcon.colcon_core.verb:set package 'pinky_description' build argument 'cmake_clean_cache' from command line to 'False'
[0.878s] Level 5:colcon.colcon_core.verb:set package 'pinky_description' build argument 'cmake_clean_first' from command line to 'False'
[0.878s] Level 5:colcon.colcon_core.verb:set package 'pinky_description' build argument 'cmake_force_configure' from command line to 'False'
[0.878s] Level 5:colcon.colcon_core.verb:set package 'pinky_description' build argument 'ament_cmake_args' from command line to 'None'
[0.878s] Level 5:colcon.colcon_core.verb:set package 'pinky_description' build argument 'catkin_cmake_args' from command line to 'None'
[0.878s] Level 5:colcon.colcon_core.verb:set package 'pinky_description' build argument 'catkin_skip_building_tests' from command line to 'False'
[0.878s] DEBUG:colcon.colcon_core.verb:Building package 'pinky_description' with the following arguments: {'ament_cmake_args': None, 'build_base': '/home/pinky/pinky_violet/build/pinky_description', 'catkin_cmake_args': None, 'catkin_skip_building_tests': False, 'cmake_args': None, 'cmake_clean_cache': False, 'cmake_clean_first': False, 'cmake_force_configure': False, 'cmake_target': None, 'cmake_target_skip_unavailable': False, 'install_base': '/home/pinky/pinky_violet/install/pinky_description', 'merge_install': False, 'path': '/home/pinky/pinky_violet/src/pinky_violet/pinky_description', 'symlink_install': False, 'test_result_base': None}
[0.878s] Level 5:colcon.colcon_core.verb:set package 'pinky_navigation' build argument 'cmake_args' from command line to 'None'
[0.878s] Level 5:colcon.colcon_core.verb:set package 'pinky_navigation' build argument 'cmake_target' from command line to 'None'
[0.878s] Level 5:colcon.colcon_core.verb:set package 'pinky_navigation' build argument 'cmake_target_skip_unavailable' from command line to 'False'
[0.878s] Level 5:colcon.colcon_core.verb:set package 'pinky_navigation' build argument 'cmake_clean_cache' from command line to 'False'
[0.878s] Level 5:colcon.colcon_core.verb:set package 'pinky_navigation' build argument 'cmake_clean_first' from command line to 'False'
[0.878s] Level 5:colcon.colcon_core.verb:set package 'pinky_navigation' build argument 'cmake_force_configure' from command line to 'False'
[0.878s] Level 5:colcon.colcon_core.verb:set package 'pinky_navigation' build argument 'ament_cmake_args' from command line to 'None'
[0.878s] Level 5:colcon.colcon_core.verb:set package 'pinky_navigation' build argument 'catkin_cmake_args' from command line to 'None'
[0.879s] Level 5:colcon.colcon_core.verb:set package 'pinky_navigation' build argument 'catkin_skip_building_tests' from command line to 'False'
[0.879s] DEBUG:colcon.colcon_core.verb:Building package 'pinky_navigation' with the following arguments: {'ament_cmake_args': None, 'build_base': '/home/pinky/pinky_violet/build/pinky_navigation', 'catkin_cmake_args': None, 'catkin_skip_building_tests': False, 'cmake_args': None, 'cmake_clean_cache': False, 'cmake_clean_first': False, 'cmake_force_configure': False, 'cmake_target': None, 'cmake_target_skip_unavailable': False, 'install_base': '/home/pinky/pinky_violet/install/pinky_navigation', 'merge_install': False, 'path': '/home/pinky/pinky_violet/src/pinky_violet/pinky_navigation', 'symlink_install': False, 'test_result_base': None}
[0.879s] Level 5:colcon.colcon_core.verb:set package 'ros2_icm20948' build argument 'cmake_args' from command line to 'None'
[0.879s] Level 5:colcon.colcon_core.verb:set package 'ros2_icm20948' build argument 'cmake_target' from command line to 'None'
[0.879s] Level 5:colcon.colcon_core.verb:set package 'ros2_icm20948' build argument 'cmake_target_skip_unavailable' from command line to 'False'
[0.879s] Level 5:colcon.colcon_core.verb:set package 'ros2_icm20948' build argument 'cmake_clean_cache' from command line to 'False'
[0.879s] Level 5:colcon.colcon_core.verb:set package 'ros2_icm20948' build argument 'cmake_clean_first' from command line to 'False'
[0.879s] Level 5:colcon.colcon_core.verb:set package 'ros2_icm20948' build argument 'cmake_force_configure' from command line to 'False'
[0.879s] Level 5:colcon.colcon_core.verb:set package 'ros2_icm20948' build argument 'ament_cmake_args' from command line to 'None'
[0.879s] Level 5:colcon.colcon_core.verb:set package 'ros2_icm20948' build argument 'catkin_cmake_args' from command line to 'None'
[0.879s] Level 5:colcon.colcon_core.verb:set package 'ros2_icm20948' build argument 'catkin_skip_building_tests' from command line to 'False'
[0.879s] DEBUG:colcon.colcon_core.verb:Building package 'ros2_icm20948' with the following arguments: {'ament_cmake_args': None, 'build_base': '/home/pinky/pinky_violet/build/ros2_icm20948', 'catkin_cmake_args': None, 'catkin_skip_building_tests': False, 'cmake_args': None, 'cmake_clean_cache': False, 'cmake_clean_first': False, 'cmake_force_configure': False, 'cmake_target': None, 'cmake_target_skip_unavailable': False, 'install_base': '/home/pinky/pinky_violet/install/ros2_icm20948', 'merge_install': False, 'path': '/home/pinky/pinky_violet/src/ros2_icm20948', 'symlink_install': False, 'test_result_base': None}
[0.879s] Level 5:colcon.colcon_core.verb:set package 'sllidar_ros2' build argument 'cmake_args' from command line to 'None'
[0.879s] Level 5:colcon.colcon_core.verb:set package 'sllidar_ros2' build argument 'cmake_target' from command line to 'None'
[0.879s] Level 5:colcon.colcon_core.verb:set package 'sllidar_ros2' build argument 'cmake_target_skip_unavailable' from command line to 'False'
[0.879s] Level 5:colcon.colcon_core.verb:set package 'sllidar_ros2' build argument 'cmake_clean_cache' from command line to 'False'
[0.879s] Level 5:colcon.colcon_core.verb:set package 'sllidar_ros2' build argument 'cmake_clean_first' from command line to 'False'
[0.879s] Level 5:colcon.colcon_core.verb:set package 'sllidar_ros2' build argument 'cmake_force_configure' from command line to 'False'
[0.879s] Level 5:colcon.colcon_core.verb:set package 'sllidar_ros2' build argument 'ament_cmake_args' from command line to 'None'
[0.879s] Level 5:colcon.colcon_core.verb:set package 'sllidar_ros2' build argument 'catkin_cmake_args' from command line to 'None'
[0.880s] Level 5:colcon.colcon_core.verb:set package 'sllidar_ros2' build argument 'catkin_skip_building_tests' from command line to 'False'
[0.880s] DEBUG:colcon.colcon_core.verb:Building package 'sllidar_ros2' with the following arguments: {'ament_cmake_args': None, 'build_base': '/home/pinky/pinky_violet/build/sllidar_ros2', 'catkin_cmake_args': None, 'catkin_skip_building_tests': False, 'cmake_args': None, 'cmake_clean_cache': False, 'cmake_clean_first': False, 'cmake_force_configure': False, 'cmake_target': None, 'cmake_target_skip_unavailable': False, 'install_base': '/home/pinky/pinky_violet/install/sllidar_ros2', 'merge_install': False, 'path': '/home/pinky/pinky_violet/src/sllidar_ros2', 'symlink_install': False, 'test_result_base': None}
[0.880s] Level 5:colcon.colcon_core.verb:set package 'pinky_bringup' build argument 'cmake_args' from command line to 'None'
[0.880s] Level 5:colcon.colcon_core.verb:set package 'pinky_bringup' build argument 'cmake_target' from command line to 'None'
[0.880s] Level 5:colcon.colcon_core.verb:set package 'pinky_bringup' build argument 'cmake_target_skip_unavailable' from command line to 'False'
[0.880s] Level 5:colcon.colcon_core.verb:set package 'pinky_bringup' build argument 'cmake_clean_cache' from command line to 'False'
[0.880s] Level 5:colcon.colcon_core.verb:set package 'pinky_bringup' build argument 'cmake_clean_first' from command line to 'False'
[0.880s] Level 5:colcon.colcon_core.verb:set package 'pinky_bringup' build argument 'cmake_force_configure' from command line to 'False'
[0.880s] Level 5:colcon.colcon_core.verb:set package 'pinky_bringup' build argument 'ament_cmake_args' from command line to 'None'
[0.880s] Level 5:colcon.colcon_core.verb:set package 'pinky_bringup' build argument 'catkin_cmake_args' from command line to 'None'
[0.880s] Level 5:colcon.colcon_core.verb:set package 'pinky_bringup' build argument 'catkin_skip_building_tests' from command line to 'False'
[0.880s] DEBUG:colcon.colcon_core.verb:Building package 'pinky_bringup' with the following arguments: {'ament_cmake_args': None, 'build_base': '/home/pinky/pinky_violet/build/pinky_bringup', 'catkin_cmake_args': None, 'catkin_skip_building_tests': False, 'cmake_args': None, 'cmake_clean_cache': False, 'cmake_clean_first': False, 'cmake_force_configure': False, 'cmake_target': None, 'cmake_target_skip_unavailable': False, 'install_base': '/home/pinky/pinky_violet/install/pinky_bringup', 'merge_install': False, 'path': '/home/pinky/pinky_violet/src/pinky_violet/pinky_bringup', 'symlink_install': False, 'test_result_base': None}
[0.880s] Level 5:colcon.colcon_core.verb:set package 'pinky_gazebo' build argument 'cmake_args' from command line to 'None'
[0.880s] Level 5:colcon.colcon_core.verb:set package 'pinky_gazebo' build argument 'cmake_target' from command line to 'None'
[0.880s] Level 5:colcon.colcon_core.verb:set package 'pinky_gazebo' build argument 'cmake_target_skip_unavailable' from command line to 'False'
[0.880s] Level 5:colcon.colcon_core.verb:set package 'pinky_gazebo' build argument 'cmake_clean_cache' from command line to 'False'
[0.880s] Level 5:colcon.colcon_core.verb:set package 'pinky_gazebo' build argument 'cmake_clean_first' from command line to 'False'
[0.880s] Level 5:colcon.colcon_core.verb:set package 'pinky_gazebo' build argument 'cmake_force_configure' from command line to 'False'
[0.880s] Level 5:colcon.colcon_core.verb:set package 'pinky_gazebo' build argument 'ament_cmake_args' from command line to 'None'
[0.880s] Level 5:colcon.colcon_core.verb:set package 'pinky_gazebo' build argument 'catkin_cmake_args' from command line to 'None'
[0.881s] Level 5:colcon.colcon_core.verb:set package 'pinky_gazebo' build argument 'catkin_skip_building_tests' from command line to 'False'
[0.881s] DEBUG:colcon.colcon_core.verb:Building package 'pinky_gazebo' with the following arguments: {'ament_cmake_args': None, 'build_base': '/home/pinky/pinky_violet/build/pinky_gazebo', 'catkin_cmake_args': None, 'catkin_skip_building_tests': False, 'cmake_args': None, 'cmake_clean_cache': False, 'cmake_clean_first': False, 'cmake_force_configure': False, 'cmake_target': None, 'cmake_target_skip_unavailable': False, 'install_base': '/home/pinky/pinky_violet/install/pinky_gazebo', 'merge_install': False, 'path': '/home/pinky/pinky_violet/src/pinky_violet/pinky_gazebo', 'symlink_install': False, 'test_result_base': None}
[0.881s] INFO:colcon.colcon_core.executor:Executing jobs using 'parallel' executor
[0.882s] DEBUG:colcon.colcon_parallel_executor.executor.parallel:run_until_complete
[0.882s] INFO:colcon.colcon_ros.task.ament_cmake.build:Building ROS package in '/home/pinky/pinky_violet/src/pinky_violet/pinky_description' with build type 'ament_cmake'
[0.883s] INFO:colcon.colcon_cmake.task.cmake.build:Building CMake package in '/home/pinky/pinky_violet/src/pinky_violet/pinky_description'
[0.891s] INFO:colcon.colcon_core.plugin_system:Skipping extension 'colcon_core.shell.bat': Not used on non-Windows systems
[0.891s] INFO:colcon.colcon_core.shell:Skip shell extension 'powershell' for command environment: Not usable outside of PowerShell
[0.891s] DEBUG:colcon.colcon_core.shell:Skip shell extension 'dsv' for command environment
[0.896s] INFO:colcon.colcon_ros.task.ament_python.build:Building ROS package in '/home/pinky/pinky_violet/src/ros2_icm20948' with build type 'ament_python'
[0.896s] Level 1:colcon.colcon_core.shell:create_environment_hook('ros2_icm20948', 'ament_prefix_path')
[0.897s] INFO:colcon.colcon_core.shell:Creating environment hook '/home/pinky/pinky_violet/install/ros2_icm20948/share/ros2_icm20948/hook/ament_prefix_path.ps1'
[0.899s] INFO:colcon.colcon_core.shell:Creating environment descriptor '/home/pinky/pinky_violet/install/ros2_icm20948/share/ros2_icm20948/hook/ament_prefix_path.dsv'
[0.900s] INFO:colcon.colcon_core.shell:Creating environment hook '/home/pinky/pinky_violet/install/ros2_icm20948/share/ros2_icm20948/hook/ament_prefix_path.sh'
[0.901s] INFO:colcon.colcon_core.shell:Skip shell extension 'powershell' for command environment: Not usable outside of PowerShell
[0.901s] DEBUG:colcon.colcon_core.shell:Skip shell extension 'dsv' for command environment
[0.906s] INFO:colcon.colcon_ros.task.ament_cmake.build:Building ROS package in '/home/pinky/pinky_violet/src/pinky_violet/pinky_cartographer' with build type 'ament_cmake'
[0.906s] INFO:colcon.colcon_cmake.task.cmake.build:Building CMake package in '/home/pinky/pinky_violet/src/pinky_violet/pinky_cartographer'
[0.907s] INFO:colcon.colcon_core.shell:Skip shell extension 'powershell' for command environment: Not usable outside of PowerShell
[0.907s] DEBUG:colcon.colcon_core.shell:Skip shell extension 'dsv' for command environment
[0.912s] INFO:colcon.colcon_ros.task.ament_cmake.build:Building ROS package in '/home/pinky/pinky_violet/src/pinky_violet/pinky_navigation' with build type 'ament_cmake'
[0.912s] INFO:colcon.colcon_cmake.task.cmake.build:Building CMake package in '/home/pinky/pinky_violet/src/pinky_violet/pinky_navigation'
[0.912s] INFO:colcon.colcon_core.shell:Skip shell extension 'powershell' for command environment: Not usable outside of PowerShell
[0.913s] DEBUG:colcon.colcon_core.shell:Skip shell extension 'dsv' for command environment
[0.921s] DEBUG:colcon.colcon_core.event_handler.log_command:Invoking command in '/home/pinky/pinky_violet/build/pinky_description': CMAKE_PREFIX_PATH=${CMAKE_PREFIX_PATH}:/home/pinky/pinky_violet/install/pinky_bringup:/home/pinky/pinky_violet/install/ros2_icm20948:/opt/ros/jazzy DEBUGINFOD_URLS=https://debuginfod.ubuntu.com /usr/bin/cmake /home/pinky/pinky_violet/src/pinky_violet/pinky_description -DCMAKE_INSTALL_PREFIX=/home/pinky/pinky_violet/install/pinky_description
[1.255s] INFO:colcon.colcon_core.task.python.build:Building Python package in '/home/pinky/pinky_violet/src/ros2_icm20948'
[1.256s] INFO:colcon.colcon_core.shell:Skip shell extension 'powershell' for command environment: Not usable outside of PowerShell
[1.256s] DEBUG:colcon.colcon_core.shell:Skip shell extension 'dsv' for command environment
[1.265s] DEBUG:colcon.colcon_core.event_handler.log_command:Invoking command in '/home/pinky/pinky_violet/build/pinky_cartographer': CMAKE_PREFIX_PATH=${CMAKE_PREFIX_PATH}:/home/pinky/pinky_violet/install/pinky_bringup:/home/pinky/pinky_violet/install/ros2_icm20948:/opt/ros/jazzy DEBUGINFOD_URLS=https://debuginfod.ubuntu.com /usr/bin/cmake /home/pinky/pinky_violet/src/pinky_violet/pinky_cartographer -DCMAKE_INSTALL_PREFIX=/home/pinky/pinky_violet/install/pinky_cartographer
[1.271s] DEBUG:colcon.colcon_core.event_handler.log_command:Invoking command in '/home/pinky/pinky_violet/build/pinky_navigation': CMAKE_PREFIX_PATH=${CMAKE_PREFIX_PATH}:/home/pinky/pinky_violet/install/pinky_bringup:/home/pinky/pinky_violet/install/ros2_icm20948:/opt/ros/jazzy DEBUGINFOD_URLS=https://debuginfod.ubuntu.com /usr/bin/cmake /home/pinky/pinky_violet/src/pinky_violet/pinky_navigation -DCMAKE_INSTALL_PREFIX=/home/pinky/pinky_violet/install/pinky_navigation
[3.811s] DEBUG:colcon.colcon_core.event_handler.log_command:Invoking command in '/home/pinky/pinky_violet/src/ros2_icm20948': DEBUGINFOD_URLS=https://debuginfod.ubuntu.com PYTHONPATH=/home/pinky/pinky_violet/build/ros2_icm20948/prefix_override:/usr/lib/python3/dist-packages/colcon_core/task/python/colcon_distutils_commands:/home/pinky/pinky_violet/install/ros2_icm20948/lib/python3.12/site-packages:${PYTHONPATH} /usr/bin/python3 -W ignore:setup.py install is deprecated -W ignore:easy_install command is deprecated setup.py egg_info --egg-base ../../build/ros2_icm20948 build --build-base /home/pinky/pinky_violet/build/ros2_icm20948/build install --record /home/pinky/pinky_violet/build/ros2_icm20948/install.log --single-version-externally-managed install_data
[4.225s] DEBUG:colcon.colcon_core.event_handler.log_command:Invoked command in '/home/pinky/pinky_violet/build/pinky_cartographer' returned '0': CMAKE_PREFIX_PATH=${CMAKE_PREFIX_PATH}:/home/pinky/pinky_violet/install/pinky_bringup:/home/pinky/pinky_violet/install/ros2_icm20948:/opt/ros/jazzy DEBUGINFOD_URLS=https://debuginfod.ubuntu.com /usr/bin/cmake /home/pinky/pinky_violet/src/pinky_violet/pinky_cartographer -DCMAKE_INSTALL_PREFIX=/home/pinky/pinky_violet/install/pinky_cartographer
[4.227s] DEBUG:colcon.colcon_core.event_handler.log_command:Invoking command in '/home/pinky/pinky_violet/build/pinky_cartographer': CMAKE_PREFIX_PATH=${CMAKE_PREFIX_PATH}:/home/pinky/pinky_violet/install/pinky_bringup:/home/pinky/pinky_violet/install/ros2_icm20948:/opt/ros/jazzy DEBUGINFOD_URLS=https://debuginfod.ubuntu.com /usr/bin/cmake --build /home/pinky/pinky_violet/build/pinky_cartographer -- -j4 -l4
[4.231s] DEBUG:colcon.colcon_core.event_handler.log_command:Invoked command in '/home/pinky/pinky_violet/build/pinky_navigation' returned '0': CMAKE_PREFIX_PATH=${CMAKE_PREFIX_PATH}:/home/pinky/pinky_violet/install/pinky_bringup:/home/pinky/pinky_violet/install/ros2_icm20948:/opt/ros/jazzy DEBUGINFOD_URLS=https://debuginfod.ubuntu.com /usr/bin/cmake /home/pinky/pinky_violet/src/pinky_violet/pinky_navigation -DCMAKE_INSTALL_PREFIX=/home/pinky/pinky_violet/install/pinky_navigation
[4.233s] DEBUG:colcon.colcon_core.event_handler.log_command:Invoking command in '/home/pinky/pinky_violet/build/pinky_navigation': CMAKE_PREFIX_PATH=${CMAKE_PREFIX_PATH}:/home/pinky/pinky_violet/install/pinky_bringup:/home/pinky/pinky_violet/install/ros2_icm20948:/opt/ros/jazzy DEBUGINFOD_URLS=https://debuginfod.ubuntu.com /usr/bin/cmake --build /home/pinky/pinky_violet/build/pinky_navigation -- -j4 -l4
[4.235s] DEBUG:colcon.colcon_core.event_handler.log_command:Invoked command in '/home/pinky/pinky_violet/build/pinky_description' returned '0': CMAKE_PREFIX_PATH=${CMAKE_PREFIX_PATH}:/home/pinky/pinky_violet/install/pinky_bringup:/home/pinky/pinky_violet/install/ros2_icm20948:/opt/ros/jazzy DEBUGINFOD_URLS=https://debuginfod.ubuntu.com /usr/bin/cmake /home/pinky/pinky_violet/src/pinky_violet/pinky_description -DCMAKE_INSTALL_PREFIX=/home/pinky/pinky_violet/install/pinky_description
[4.235s] DEBUG:colcon.colcon_core.event_handler.log_command:Invoking command in '/home/pinky/pinky_violet/build/pinky_description': CMAKE_PREFIX_PATH=${CMAKE_PREFIX_PATH}:/home/pinky/pinky_violet/install/pinky_bringup:/home/pinky/pinky_violet/install/ros2_icm20948:/opt/ros/jazzy DEBUGINFOD_URLS=https://debuginfod.ubuntu.com /usr/bin/cmake --build /home/pinky/pinky_violet/build/pinky_description -- -j4 -l4
[4.319s] DEBUG:colcon.colcon_core.event_handler.log_command:Invoked command in '/home/pinky/pinky_violet/build/pinky_cartographer' returned '0': CMAKE_PREFIX_PATH=${CMAKE_PREFIX_PATH}:/home/pinky/pinky_violet/install/pinky_bringup:/home/pinky/pinky_violet/install/ros2_icm20948:/opt/ros/jazzy DEBUGINFOD_URLS=https://debuginfod.ubuntu.com /usr/bin/cmake --build /home/pinky/pinky_violet/build/pinky_cartographer -- -j4 -l4
[4.339s] DEBUG:colcon.colcon_core.event_handler.log_command:Invoking command in '/home/pinky/pinky_violet/build/pinky_cartographer': CMAKE_PREFIX_PATH=${CMAKE_PREFIX_PATH}:/home/pinky/pinky_violet/install/pinky_bringup:/home/pinky/pinky_violet/install/ros2_icm20948:/opt/ros/jazzy DEBUGINFOD_URLS=https://debuginfod.ubuntu.com /usr/bin/cmake --install /home/pinky/pinky_violet/build/pinky_cartographer
[4.341s] DEBUG:colcon.colcon_core.event_handler.log_command:Invoked command in '/home/pinky/pinky_violet/build/pinky_navigation' returned '0': CMAKE_PREFIX_PATH=${CMAKE_PREFIX_PATH}:/home/pinky/pinky_violet/install/pinky_bringup:/home/pinky/pinky_violet/install/ros2_icm20948:/opt/ros/jazzy DEBUGINFOD_URLS=https://debuginfod.ubuntu.com /usr/bin/cmake --build /home/pinky/pinky_violet/build/pinky_navigation -- -j4 -l4
[4.343s] DEBUG:colcon.colcon_core.event_handler.log_command:Invoking command in '/home/pinky/pinky_violet/build/pinky_navigation': CMAKE_PREFIX_PATH=${CMAKE_PREFIX_PATH}:/home/pinky/pinky_violet/install/pinky_bringup:/home/pinky/pinky_violet/install/ros2_icm20948:/opt/ros/jazzy DEBUGINFOD_URLS=https://debuginfod.ubuntu.com /usr/bin/cmake --install /home/pinky/pinky_violet/build/pinky_navigation
[4.346s] DEBUG:colcon.colcon_core.event_handler.log_command:Invoked command in '/home/pinky/pinky_violet/build/pinky_description' returned '0': CMAKE_PREFIX_PATH=${CMAKE_PREFIX_PATH}:/home/pinky/pinky_violet/install/pinky_bringup:/home/pinky/pinky_violet/install/ros2_icm20948:/opt/ros/jazzy DEBUGINFOD_URLS=https://debuginfod.ubuntu.com /usr/bin/cmake --build /home/pinky/pinky_violet/build/pinky_description -- -j4 -l4
[4.346s] DEBUG:colcon.colcon_core.event_handler.log_command:Invoking command in '/home/pinky/pinky_violet/build/pinky_description': CMAKE_PREFIX_PATH=${CMAKE_PREFIX_PATH}:/home/pinky/pinky_violet/install/pinky_bringup:/home/pinky/pinky_violet/install/ros2_icm20948:/opt/ros/jazzy DEBUGINFOD_URLS=https://debuginfod.ubuntu.com /usr/bin/cmake --install /home/pinky/pinky_violet/build/pinky_description
[4.369s] Level 1:colcon.colcon_core.environment:create_environment_scripts_only(pinky_cartographer)
[4.370s] DEBUG:colcon.colcon_core.event_handler.log_command:Invoked command in '/home/pinky/pinky_violet/build/pinky_cartographer' returned '0': CMAKE_PREFIX_PATH=${CMAKE_PREFIX_PATH}:/home/pinky/pinky_violet/install/pinky_bringup:/home/pinky/pinky_violet/install/ros2_icm20948:/opt/ros/jazzy DEBUGINFOD_URLS=https://debuginfod.ubuntu.com /usr/bin/cmake --install /home/pinky/pinky_violet/build/pinky_cartographer
[4.425s] Level 1:colcon.colcon_core.environment:checking '/home/pinky/pinky_violet/install/pinky_cartographer' for CMake module files
[4.425s] Level 1:colcon.colcon_core.environment:checking '/home/pinky/pinky_violet/install/pinky_cartographer' for CMake config files
[4.425s] Level 1:colcon.colcon_core.shell:create_environment_hook('pinky_cartographer', 'cmake_prefix_path')
[4.426s] INFO:colcon.colcon_core.shell:Creating environment hook '/home/pinky/pinky_violet/install/pinky_cartographer/share/pinky_cartographer/hook/cmake_prefix_path.ps1'
[4.427s] INFO:colcon.colcon_core.shell:Creating environment descriptor '/home/pinky/pinky_violet/install/pinky_cartographer/share/pinky_cartographer/hook/cmake_prefix_path.dsv'
[4.427s] INFO:colcon.colcon_core.shell:Creating environment hook '/home/pinky/pinky_violet/install/pinky_cartographer/share/pinky_cartographer/hook/cmake_prefix_path.sh'
[4.428s] Level 1:colcon.colcon_core.environment:checking '/home/pinky/pinky_violet/install/pinky_cartographer/bin'
[4.428s] Level 1:colcon.colcon_core.environment:checking '/home/pinky/pinky_violet/install/pinky_cartographer/lib/pkgconfig/pinky_cartographer.pc'
[4.428s] Level 1:colcon.colcon_core.environment:checking '/home/pinky/pinky_violet/install/pinky_cartographer/lib/python3.12/site-packages'
[4.428s] Level 1:colcon.colcon_core.environment:checking '/home/pinky/pinky_violet/install/pinky_cartographer/bin'
[4.429s] INFO:colcon.colcon_core.shell:Creating package script '/home/pinky/pinky_violet/install/pinky_cartographer/share/pinky_cartographer/package.ps1'
[4.431s] INFO:colcon.colcon_core.shell:Creating package descriptor '/home/pinky/pinky_violet/install/pinky_cartographer/share/pinky_cartographer/package.dsv'
[4.432s] INFO:colcon.colcon_core.shell:Creating package script '/home/pinky/pinky_violet/install/pinky_cartographer/share/pinky_cartographer/package.sh'
[4.434s] INFO:colcon.colcon_core.shell:Creating package script '/home/pinky/pinky_violet/install/pinky_cartographer/share/pinky_cartographer/package.bash'
[4.441s] INFO:colcon.colcon_core.shell:Creating package script '/home/pinky/pinky_violet/install/pinky_cartographer/share/pinky_cartographer/package.zsh'
[4.449s] Level 1:colcon.colcon_core.environment:create_file_with_runtime_dependencies(/home/pinky/pinky_violet/install/pinky_cartographer/share/colcon-core/packages/pinky_cartographer)
[4.450s] Level 1:colcon.colcon_core.environment:create_environment_scripts_only(pinky_cartographer)
[4.451s] Level 1:colcon.colcon_core.environment:checking '/home/pinky/pinky_violet/install/pinky_cartographer' for CMake module files
[4.451s] Level 1:colcon.colcon_core.environment:checking '/home/pinky/pinky_violet/install/pinky_cartographer' for CMake config files
[4.451s] Level 1:colcon.colcon_core.shell:create_environment_hook('pinky_cartographer', 'cmake_prefix_path')
[4.452s] INFO:colcon.colcon_core.shell:Creating environment hook '/home/pinky/pinky_violet/install/pinky_cartographer/share/pinky_cartographer/hook/cmake_prefix_path.ps1'
[4.452s] INFO:colcon.colcon_core.shell:Creating environment descriptor '/home/pinky/pinky_violet/install/pinky_cartographer/share/pinky_cartographer/hook/cmake_prefix_path.dsv'
[4.453s] INFO:colcon.colcon_core.shell:Creating environment hook '/home/pinky/pinky_violet/install/pinky_cartographer/share/pinky_cartographer/hook/cmake_prefix_path.sh'
[4.454s] Level 1:colcon.colcon_core.environment:checking '/home/pinky/pinky_violet/install/pinky_cartographer/bin'
[4.454s] Level 1:colcon.colcon_core.environment:checking '/home/pinky/pinky_violet/install/pinky_cartographer/lib/pkgconfig/pinky_cartographer.pc'
[4.454s] Level 1:colcon.colcon_core.environment:checking '/home/pinky/pinky_violet/install/pinky_cartographer/lib/python3.12/site-packages'
[4.455s] Level 1:colcon.colcon_core.environment:checking '/home/pinky/pinky_violet/install/pinky_cartographer/bin'
[4.455s] INFO:colcon.colcon_core.shell:Creating package script '/home/pinky/pinky_violet/install/pinky_cartographer/share/pinky_cartographer/package.ps1'
[4.456s] INFO:colcon.colcon_core.shell:Creating package descriptor '/home/pinky/pinky_violet/install/pinky_cartographer/share/pinky_cartographer/package.dsv'
[4.459s] INFO:colcon.colcon_core.shell:Creating package script '/home/pinky/pinky_violet/install/pinky_cartographer/share/pinky_cartographer/package.sh'
[4.463s] INFO:colcon.colcon_core.shell:Creating package script '/home/pinky/pinky_violet/install/pinky_cartographer/share/pinky_cartographer/package.bash'
[4.463s] INFO:colcon.colcon_core.shell:Creating package script '/home/pinky/pinky_violet/install/pinky_cartographer/share/pinky_cartographer/package.zsh'
[4.464s] Level 1:colcon.colcon_core.environment:create_file_with_runtime_dependencies(/home/pinky/pinky_violet/install/pinky_cartographer/share/colcon-core/packages/pinky_cartographer)
[4.464s] INFO:colcon.colcon_ros.task.ament_cmake.build:Building ROS package in '/home/pinky/pinky_violet/src/sllidar_ros2' with build type 'ament_cmake'
[4.465s] INFO:colcon.colcon_cmake.task.cmake.build:Building CMake package in '/home/pinky/pinky_violet/src/sllidar_ros2'
[4.465s] INFO:colcon.colcon_core.shell:Skip shell extension 'powershell' for command environment: Not usable outside of PowerShell
[4.465s] DEBUG:colcon.colcon_core.shell:Skip shell extension 'dsv' for command environment
[4.471s] Level 1:colcon.colcon_core.environment:create_environment_scripts_only(pinky_navigation)
[4.471s] Level 1:colcon.colcon_core.environment:checking '/home/pinky/pinky_violet/install/pinky_navigation' for CMake module files
[4.472s] DEBUG:colcon.colcon_core.event_handler.log_command:Invoked command in '/home/pinky/pinky_violet/build/pinky_navigation' returned '0': CMAKE_PREFIX_PATH=${CMAKE_PREFIX_PATH}:/home/pinky/pinky_violet/install/pinky_bringup:/home/pinky/pinky_violet/install/ros2_icm20948:/opt/ros/jazzy DEBUGINFOD_URLS=https://debuginfod.ubuntu.com /usr/bin/cmake --install /home/pinky/pinky_violet/build/pinky_navigation
[4.473s] Level 1:colcon.colcon_core.environment:checking '/home/pinky/pinky_violet/install/pinky_navigation' for CMake config files
[4.473s] Level 1:colcon.colcon_core.shell:create_environment_hook('pinky_navigation', 'cmake_prefix_path')
[4.473s] INFO:colcon.colcon_core.shell:Creating environment hook '/home/pinky/pinky_violet/install/pinky_navigation/share/pinky_navigation/hook/cmake_prefix_path.ps1'
[4.474s] INFO:colcon.colcon_core.shell:Creating environment descriptor '/home/pinky/pinky_violet/install/pinky_navigation/share/pinky_navigation/hook/cmake_prefix_path.dsv'
[4.474s] INFO:colcon.colcon_core.shell:Creating environment hook '/home/pinky/pinky_violet/install/pinky_navigation/share/pinky_navigation/hook/cmake_prefix_path.sh'
[4.475s] Level 1:colcon.colcon_core.environment:checking '/home/pinky/pinky_violet/install/pinky_navigation/bin'
[4.475s] Level 1:colcon.colcon_core.environment:checking '/home/pinky/pinky_violet/install/pinky_navigation/lib/pkgconfig/pinky_navigation.pc'
[4.475s] Level 1:colcon.colcon_core.environment:checking '/home/pinky/pinky_violet/install/pinky_navigation/lib/python3.12/site-packages'
[4.476s] Level 1:colcon.colcon_core.environment:checking '/home/pinky/pinky_violet/install/pinky_navigation/bin'
[4.476s] INFO:colcon.colcon_core.shell:Creating package script '/home/pinky/pinky_violet/install/pinky_navigation/share/pinky_navigation/package.ps1'
[4.476s] INFO:colcon.colcon_core.shell:Creating package descriptor '/home/pinky/pinky_violet/install/pinky_navigation/share/pinky_navigation/package.dsv'
[4.477s] INFO:colcon.colcon_core.shell:Creating package script '/home/pinky/pinky_violet/install/pinky_navigation/share/pinky_navigation/package.sh'
[4.477s] INFO:colcon.colcon_core.shell:Creating package script '/home/pinky/pinky_violet/install/pinky_navigation/share/pinky_navigation/package.bash'
[4.478s] INFO:colcon.colcon_core.shell:Creating package script '/home/pinky/pinky_violet/install/pinky_navigation/share/pinky_navigation/package.zsh'
[4.478s] Level 1:colcon.colcon_core.environment:create_file_with_runtime_dependencies(/home/pinky/pinky_violet/install/pinky_navigation/share/colcon-core/packages/pinky_navigation)
[4.479s] Level 1:colcon.colcon_core.environment:create_environment_scripts_only(pinky_navigation)
[4.479s] Level 1:colcon.colcon_core.environment:checking '/home/pinky/pinky_violet/install/pinky_navigation' for CMake module files
[4.480s] Level 1:colcon.colcon_core.environment:checking '/home/pinky/pinky_violet/install/pinky_navigation' for CMake config files
[4.480s] Level 1:colcon.colcon_core.shell:create_environment_hook('pinky_navigation', 'cmake_prefix_path')
[4.480s] INFO:colcon.colcon_core.shell:Creating environment hook '/home/pinky/pinky_violet/install/pinky_navigation/share/pinky_navigation/hook/cmake_prefix_path.ps1'
[4.487s] INFO:colcon.colcon_core.shell:Creating environment descriptor '/home/pinky/pinky_violet/install/pinky_navigation/share/pinky_navigation/hook/cmake_prefix_path.dsv'
[4.489s] INFO:colcon.colcon_core.shell:Creating environment hook '/home/pinky/pinky_violet/install/pinky_navigation/share/pinky_navigation/hook/cmake_prefix_path.sh'
[4.490s] Level 1:colcon.colcon_core.environment:checking '/home/pinky/pinky_violet/install/pinky_navigation/bin'
[4.490s] Level 1:colcon.colcon_core.environment:checking '/home/pinky/pinky_violet/install/pinky_navigation/lib/pkgconfig/pinky_navigation.pc'
[4.490s] Level 1:colcon.colcon_core.environment:checking '/home/pinky/pinky_violet/install/pinky_navigation/lib/python3.12/site-packages'
[4.490s] Level 1:colcon.colcon_core.environment:checking '/home/pinky/pinky_violet/install/pinky_navigation/bin'
[4.491s] INFO:colcon.colcon_core.shell:Creating package script '/home/pinky/pinky_violet/install/pinky_navigation/share/pinky_navigation/package.ps1'
[4.491s] INFO:colcon.colcon_core.shell:Creating package descriptor '/home/pinky/pinky_violet/install/pinky_navigation/share/pinky_navigation/package.dsv'
[4.492s] INFO:colcon.colcon_core.shell:Creating package script '/home/pinky/pinky_violet/install/pinky_navigation/share/pinky_navigation/package.sh'
[4.492s] INFO:colcon.colcon_core.shell:Creating package script '/home/pinky/pinky_violet/install/pinky_navigation/share/pinky_navigation/package.bash'
[4.493s] INFO:colcon.colcon_core.shell:Creating package script '/home/pinky/pinky_violet/install/pinky_navigation/share/pinky_navigation/package.zsh'
[4.493s] Level 1:colcon.colcon_core.environment:create_file_with_runtime_dependencies(/home/pinky/pinky_violet/install/pinky_navigation/share/colcon-core/packages/pinky_navigation)
[4.499s] DEBUG:colcon.colcon_core.event_handler.log_command:Invoking command in '/home/pinky/pinky_violet/build/sllidar_ros2': CMAKE_PREFIX_PATH=${CMAKE_PREFIX_PATH}:/home/pinky/pinky_violet/install/pinky_bringup:/home/pinky/pinky_violet/install/ros2_icm20948:/opt/ros/jazzy DEBUGINFOD_URLS=https://debuginfod.ubuntu.com /usr/bin/cmake /home/pinky/pinky_violet/src/sllidar_ros2 -DCMAKE_INSTALL_PREFIX=/home/pinky/pinky_violet/install/sllidar_ros2
[4.666s] Level 1:colcon.colcon_core.environment:create_environment_scripts_only(pinky_description)
[4.667s] Level 1:colcon.colcon_core.environment:checking '/home/pinky/pinky_violet/install/pinky_description' for CMake module files
[4.667s] DEBUG:colcon.colcon_core.event_handler.log_command:Invoked command in '/home/pinky/pinky_violet/build/pinky_description' returned '0': CMAKE_PREFIX_PATH=${CMAKE_PREFIX_PATH}:/home/pinky/pinky_violet/install/pinky_bringup:/home/pinky/pinky_violet/install/ros2_icm20948:/opt/ros/jazzy DEBUGINFOD_URLS=https://debuginfod.ubuntu.com /usr/bin/cmake --install /home/pinky/pinky_violet/build/pinky_description
[4.668s] Level 1:colcon.colcon_core.environment:checking '/home/pinky/pinky_violet/install/pinky_description' for CMake config files
[4.668s] Level 1:colcon.colcon_core.shell:create_environment_hook('pinky_description', 'cmake_prefix_path')
[4.669s] INFO:colcon.colcon_core.shell:Creating environment hook '/home/pinky/pinky_violet/install/pinky_description/share/pinky_description/hook/cmake_prefix_path.ps1'
[4.670s] INFO:colcon.colcon_core.shell:Creating environment descriptor '/home/pinky/pinky_violet/install/pinky_description/share/pinky_description/hook/cmake_prefix_path.dsv'
[4.670s] INFO:colcon.colcon_core.shell:Creating environment hook '/home/pinky/pinky_violet/install/pinky_description/share/pinky_description/hook/cmake_prefix_path.sh'
[4.671s] Level 1:colcon.colcon_core.environment:checking '/home/pinky/pinky_violet/install/pinky_description/bin'
[4.671s] Level 1:colcon.colcon_core.environment:checking '/home/pinky/pinky_violet/install/pinky_description/lib/pkgconfig/pinky_description.pc'
[4.671s] Level 1:colcon.colcon_core.environment:checking '/home/pinky/pinky_violet/install/pinky_description/lib/python3.12/site-packages'
[4.672s] Level 1:colcon.colcon_core.environment:checking '/home/pinky/pinky_violet/install/pinky_description/bin'
[4.672s] INFO:colcon.colcon_core.shell:Creating package script '/home/pinky/pinky_violet/install/pinky_description/share/pinky_description/package.ps1'
[4.673s] INFO:colcon.colcon_core.shell:Creating package descriptor '/home/pinky/pinky_violet/install/pinky_description/share/pinky_description/package.dsv'
[4.673s] INFO:colcon.colcon_core.shell:Creating package script '/home/pinky/pinky_violet/install/pinky_description/share/pinky_description/package.sh'
[4.674s] INFO:colcon.colcon_core.shell:Creating package script '/home/pinky/pinky_violet/install/pinky_description/share/pinky_description/package.bash'
[4.674s] INFO:colcon.colcon_core.shell:Creating package script '/home/pinky/pinky_violet/install/pinky_description/share/pinky_description/package.zsh'
[4.675s] Level 1:colcon.colcon_core.environment:create_file_with_runtime_dependencies(/home/pinky/pinky_violet/install/pinky_description/share/colcon-core/packages/pinky_description)
[4.676s] Level 1:colcon.colcon_core.environment:create_environment_scripts_only(pinky_description)
[4.676s] Level 1:colcon.colcon_core.environment:checking '/home/pinky/pinky_violet/install/pinky_description' for CMake module files
[4.676s] Level 1:colcon.colcon_core.environment:checking '/home/pinky/pinky_violet/install/pinky_description' for CMake config files
[4.677s] Level 1:colcon.colcon_core.shell:create_environment_hook('pinky_description', 'cmake_prefix_path')
[4.677s] INFO:colcon.colcon_core.shell:Creating environment hook '/home/pinky/pinky_violet/install/pinky_description/share/pinky_description/hook/cmake_prefix_path.ps1'
[4.678s] INFO:colcon.colcon_core.shell:Creating environment descriptor '/home/pinky/pinky_violet/install/pinky_description/share/pinky_description/hook/cmake_prefix_path.dsv'
[4.679s] INFO:colcon.colcon_core.shell:Creating environment hook '/home/pinky/pinky_violet/install/pinky_description/share/pinky_description/hook/cmake_prefix_path.sh'
[4.680s] Level 1:colcon.colcon_core.environment:checking '/home/pinky/pinky_violet/install/pinky_description/bin'
[4.680s] Level 1:colcon.colcon_core.environment:checking '/home/pinky/pinky_violet/install/pinky_description/lib/pkgconfig/pinky_description.pc'
[4.680s] Level 1:colcon.colcon_core.environment:checking '/home/pinky/pinky_violet/install/pinky_description/lib/python3.12/site-packages'
[4.680s] Level 1:colcon.colcon_core.environment:checking '/home/pinky/pinky_violet/install/pinky_description/bin'
[4.681s] INFO:colcon.colcon_core.shell:Creating package script '/home/pinky/pinky_violet/install/pinky_description/share/pinky_description/package.ps1'
[4.682s] INFO:colcon.colcon_core.shell:Creating package descriptor '/home/pinky/pinky_violet/install/pinky_description/share/pinky_description/package.dsv'
[4.682s] INFO:colcon.colcon_core.shell:Creating package script '/home/pinky/pinky_violet/install/pinky_description/share/pinky_description/package.sh'
[4.683s] INFO:colcon.colcon_core.shell:Creating package script '/home/pinky/pinky_violet/install/pinky_description/share/pinky_description/package.bash'
[4.684s] INFO:colcon.colcon_core.shell:Creating package script '/home/pinky/pinky_violet/install/pinky_description/share/pinky_description/package.zsh'
[4.685s] Level 1:colcon.colcon_core.environment:create_file_with_runtime_dependencies(/home/pinky/pinky_violet/install/pinky_description/share/colcon-core/packages/pinky_description)
[4.686s] INFO:colcon.colcon_ros.task.ament_cmake.build:Building ROS package in '/home/pinky/pinky_violet/src/pinky_violet/pinky_gazebo' with build type 'ament_cmake'
[4.686s] INFO:colcon.colcon_cmake.task.cmake.build:Building CMake package in '/home/pinky/pinky_violet/src/pinky_violet/pinky_gazebo'
[4.687s] INFO:colcon.colcon_core.shell:Skip shell extension 'powershell' for command environment: Not usable outside of PowerShell
[4.687s] DEBUG:colcon.colcon_core.shell:Skip shell extension 'dsv' for command environment
[4.702s] DEBUG:colcon.colcon_core.event_handler.log_command:Invoking command in '/home/pinky/pinky_violet/build/pinky_gazebo': CMAKE_PREFIX_PATH=/home/pinky/pinky_violet/install/pinky_description:/home/pinky/pinky_violet/install/sllidar_ros2:/home/pinky/pinky_violet/install/pinky_navigation:/home/pinky/pinky_violet/install/pinky_gazebo:/home/pinky/pinky_violet/install/pinky_cartographer:/opt/ros/jazzy/opt/gz_sim_vendor:/opt/ros/jazzy/opt/gz_sensors_vendor:/opt/ros/jazzy/opt/gz_physics_vendor:/opt/ros/jazzy/opt/sdformat_vendor:/opt/ros/jazzy/opt/gz_gui_vendor:/opt/ros/jazzy/opt/gz_transport_vendor:/opt/ros/jazzy/opt/gz_rendering_vendor:/opt/ros/jazzy/opt/gz_plugin_vendor:/opt/ros/jazzy/opt/gz_fuel_tools_vendor:/opt/ros/jazzy/opt/gz_msgs_vendor:/opt/ros/jazzy/opt/gz_common_vendor:/opt/ros/jazzy/opt/gz_math_vendor:/opt/ros/jazzy/opt/gz_utils_vendor:/opt/ros/jazzy/opt/gz_tools_vendor:/opt/ros/jazzy/opt/gz_ogre_next_vendor:/opt/ros/jazzy/opt/gz_dartsim_vendor:/opt/ros/jazzy/opt/gz_cmake_vendor:/home/pinky/pinky_violet/install/pinky_bringup:/home/pinky/pinky_violet/install/ros2_icm20948:/opt/ros/jazzy DEBUGINFOD_URLS=https://debuginfod.ubuntu.com /usr/bin/cmake /home/pinky/pinky_violet/src/pinky_violet/pinky_gazebo -DCMAKE_INSTALL_PREFIX=/home/pinky/pinky_violet/install/pinky_gazebo
[4.936s] Level 1:colcon.colcon_core.environment:checking '/home/pinky/pinky_violet/install/ros2_icm20948' for CMake module files
[4.937s] DEBUG:colcon.colcon_core.event_handler.log_command:Invoked command in '/home/pinky/pinky_violet/src/ros2_icm20948' returned '0': DEBUGINFOD_URLS=https://debuginfod.ubuntu.com PYTHONPATH=/home/pinky/pinky_violet/build/ros2_icm20948/prefix_override:/usr/lib/python3/dist-packages/colcon_core/task/python/colcon_distutils_commands:/home/pinky/pinky_violet/install/ros2_icm20948/lib/python3.12/site-packages:${PYTHONPATH} /usr/bin/python3 -W ignore:setup.py install is deprecated -W ignore:easy_install command is deprecated setup.py egg_info --egg-base ../../build/ros2_icm20948 build --build-base /home/pinky/pinky_violet/build/ros2_icm20948/build install --record /home/pinky/pinky_violet/build/ros2_icm20948/install.log --single-version-externally-managed install_data
[4.938s] Level 1:colcon.colcon_core.environment:checking '/home/pinky/pinky_violet/install/ros2_icm20948' for CMake config files
[4.939s] Level 1:colcon.colcon_core.environment:checking '/home/pinky/pinky_violet/install/ros2_icm20948/lib'
[4.940s] Level 1:colcon.colcon_core.environment:checking '/home/pinky/pinky_violet/install/ros2_icm20948/bin'
[4.941s] Level 1:colcon.colcon_core.environment:checking '/home/pinky/pinky_violet/install/ros2_icm20948/lib/pkgconfig/ros2_icm20948.pc'
[4.942s] Level 1:colcon.colcon_core.environment:checking '/home/pinky/pinky_violet/install/ros2_icm20948/lib/python3.12/site-packages'
[4.942s] Level 1:colcon.colcon_core.shell:create_environment_hook('ros2_icm20948', 'pythonpath')
[4.942s] INFO:colcon.colcon_core.shell:Creating environment hook '/home/pinky/pinky_violet/install/ros2_icm20948/share/ros2_icm20948/hook/pythonpath.ps1'
[4.943s] INFO:colcon.colcon_core.shell:Creating environment descriptor '/home/pinky/pinky_violet/install/ros2_icm20948/share/ros2_icm20948/hook/pythonpath.dsv'
[4.944s] INFO:colcon.colcon_core.shell:Creating environment hook '/home/pinky/pinky_violet/install/ros2_icm20948/share/ros2_icm20948/hook/pythonpath.sh'
[4.945s] Level 1:colcon.colcon_core.environment:checking '/home/pinky/pinky_violet/install/ros2_icm20948/bin'
[4.945s] Level 1:colcon.colcon_core.environment:create_environment_scripts_only(ros2_icm20948)
[4.946s] INFO:colcon.colcon_core.shell:Creating package script '/home/pinky/pinky_violet/install/ros2_icm20948/share/ros2_icm20948/package.ps1'
[4.947s] INFO:colcon.colcon_core.shell:Creating package descriptor '/home/pinky/pinky_violet/install/ros2_icm20948/share/ros2_icm20948/package.dsv'
[4.948s] INFO:colcon.colcon_core.shell:Creating package script '/home/pinky/pinky_violet/install/ros2_icm20948/share/ros2_icm20948/package.sh'
[4.949s] INFO:colcon.colcon_core.shell:Creating package script '/home/pinky/pinky_violet/install/ros2_icm20948/share/ros2_icm20948/package.bash'
[4.949s] INFO:colcon.colcon_core.shell:Creating package script '/home/pinky/pinky_violet/install/ros2_icm20948/share/ros2_icm20948/package.zsh'
[4.950s] Level 1:colcon.colcon_core.environment:create_file_with_runtime_dependencies(/home/pinky/pinky_violet/install/ros2_icm20948/share/colcon-core/packages/ros2_icm20948)
[4.951s] INFO:colcon.colcon_ros.task.ament_python.build:Building ROS package in '/home/pinky/pinky_violet/src/pinky_violet/pinky_bringup' with build type 'ament_python'
[4.951s] Level 1:colcon.colcon_core.shell:create_environment_hook('pinky_bringup', 'ament_prefix_path')
[4.952s] INFO:colcon.colcon_core.shell:Creating environment hook '/home/pinky/pinky_violet/install/pinky_bringup/share/pinky_bringup/hook/ament_prefix_path.ps1'
[4.953s] INFO:colcon.colcon_core.shell:Creating environment descriptor '/home/pinky/pinky_violet/install/pinky_bringup/share/pinky_bringup/hook/ament_prefix_path.dsv'
[4.954s] INFO:colcon.colcon_core.shell:Creating environment hook '/home/pinky/pinky_violet/install/pinky_bringup/share/pinky_bringup/hook/ament_prefix_path.sh'
[4.955s] INFO:colcon.colcon_core.shell:Skip shell extension 'powershell' for command environment: Not usable outside of PowerShell
[4.955s] DEBUG:colcon.colcon_core.shell:Skip shell extension 'dsv' for command environment
[5.407s] INFO:colcon.colcon_core.task.python.build:Building Python package in '/home/pinky/pinky_violet/src/pinky_violet/pinky_bringup'
[5.408s] INFO:colcon.colcon_core.shell:Skip shell extension 'powershell' for command environment: Not usable outside of PowerShell
[5.408s] DEBUG:colcon.colcon_core.shell:Skip shell extension 'dsv' for command environment
[6.252s] DEBUG:colcon.colcon_core.event_handler.log_command:Invoked command in '/home/pinky/pinky_violet/build/pinky_gazebo' returned '0': CMAKE_PREFIX_PATH=/home/pinky/pinky_violet/install/pinky_description:/home/pinky/pinky_violet/install/sllidar_ros2:/home/pinky/pinky_violet/install/pinky_navigation:/home/pinky/pinky_violet/install/pinky_gazebo:/home/pinky/pinky_violet/install/pinky_cartographer:/opt/ros/jazzy/opt/gz_sim_vendor:/opt/ros/jazzy/opt/gz_sensors_vendor:/opt/ros/jazzy/opt/gz_physics_vendor:/opt/ros/jazzy/opt/sdformat_vendor:/opt/ros/jazzy/opt/gz_gui_vendor:/opt/ros/jazzy/opt/gz_transport_vendor:/opt/ros/jazzy/opt/gz_rendering_vendor:/opt/ros/jazzy/opt/gz_plugin_vendor:/opt/ros/jazzy/opt/gz_fuel_tools_vendor:/opt/ros/jazzy/opt/gz_msgs_vendor:/opt/ros/jazzy/opt/gz_common_vendor:/opt/ros/jazzy/opt/gz_math_vendor:/opt/ros/jazzy/opt/gz_utils_vendor:/opt/ros/jazzy/opt/gz_tools_vendor:/opt/ros/jazzy/opt/gz_ogre_next_vendor:/opt/ros/jazzy/opt/gz_dartsim_vendor:/opt/ros/jazzy/opt/gz_cmake_vendor:/home/pinky/pinky_violet/install/pinky_bringup:/home/pinky/pinky_violet/install/ros2_icm20948:/opt/ros/jazzy DEBUGINFOD_URLS=https://debuginfod.ubuntu.com /usr/bin/cmake /home/pinky/pinky_violet/src/pinky_violet/pinky_gazebo -DCMAKE_INSTALL_PREFIX=/home/pinky/pinky_violet/install/pinky_gazebo
[6.252s] DEBUG:colcon.colcon_core.event_handler.log_command:Invoking command in '/home/pinky/pinky_violet/build/pinky_gazebo': CMAKE_PREFIX_PATH=/home/pinky/pinky_violet/install/pinky_description:/home/pinky/pinky_violet/install/sllidar_ros2:/home/pinky/pinky_violet/install/pinky_navigation:/home/pinky/pinky_violet/install/pinky_gazebo:/home/pinky/pinky_violet/install/pinky_cartographer:/opt/ros/jazzy/opt/gz_sim_vendor:/opt/ros/jazzy/opt/gz_sensors_vendor:/opt/ros/jazzy/opt/gz_physics_vendor:/opt/ros/jazzy/opt/sdformat_vendor:/opt/ros/jazzy/opt/gz_gui_vendor:/opt/ros/jazzy/opt/gz_transport_vendor:/opt/ros/jazzy/opt/gz_rendering_vendor:/opt/ros/jazzy/opt/gz_plugin_vendor:/opt/ros/jazzy/opt/gz_fuel_tools_vendor:/opt/ros/jazzy/opt/gz_msgs_vendor:/opt/ros/jazzy/opt/gz_common_vendor:/opt/ros/jazzy/opt/gz_math_vendor:/opt/ros/jazzy/opt/gz_utils_vendor:/opt/ros/jazzy/opt/gz_tools_vendor:/opt/ros/jazzy/opt/gz_ogre_next_vendor:/opt/ros/jazzy/opt/gz_dartsim_vendor:/opt/ros/jazzy/opt/gz_cmake_vendor:/home/pinky/pinky_violet/install/pinky_bringup:/home/pinky/pinky_violet/install/ros2_icm20948:/opt/ros/jazzy DEBUGINFOD_URLS=https://debuginfod.ubuntu.com /usr/bin/cmake --build /home/pinky/pinky_violet/build/pinky_gazebo -- -j4 -l4
[6.331s] DEBUG:colcon.colcon_core.event_handler.log_command:Invoked command in '/home/pinky/pinky_violet/build/pinky_gazebo' returned '0': CMAKE_PREFIX_PATH=/home/pinky/pinky_violet/install/pinky_description:/home/pinky/pinky_violet/install/sllidar_ros2:/home/pinky/pinky_violet/install/pinky_navigation:/home/pinky/pinky_violet/install/pinky_gazebo:/home/pinky/pinky_violet/install/pinky_cartographer:/opt/ros/jazzy/opt/gz_sim_vendor:/opt/ros/jazzy/opt/gz_sensors_vendor:/opt/ros/jazzy/opt/gz_physics_vendor:/opt/ros/jazzy/opt/sdformat_vendor:/opt/ros/jazzy/opt/gz_gui_vendor:/opt/ros/jazzy/opt/gz_transport_vendor:/opt/ros/jazzy/opt/gz_rendering_vendor:/opt/ros/jazzy/opt/gz_plugin_vendor:/opt/ros/jazzy/opt/gz_fuel_tools_vendor:/opt/ros/jazzy/opt/gz_msgs_vendor:/opt/ros/jazzy/opt/gz_common_vendor:/opt/ros/jazzy/opt/gz_math_vendor:/opt/ros/jazzy/opt/gz_utils_vendor:/opt/ros/jazzy/opt/gz_tools_vendor:/opt/ros/jazzy/opt/gz_ogre_next_vendor:/opt/ros/jazzy/opt/gz_dartsim_vendor:/opt/ros/jazzy/opt/gz_cmake_vendor:/home/pinky/pinky_violet/install/pinky_bringup:/home/pinky/pinky_violet/install/ros2_icm20948:/opt/ros/jazzy DEBUGINFOD_URLS=https://debuginfod.ubuntu.com /usr/bin/cmake --build /home/pinky/pinky_violet/build/pinky_gazebo -- -j4 -l4
[6.332s] DEBUG:colcon.colcon_core.event_handler.log_command:Invoking command in '/home/pinky/pinky_violet/build/pinky_gazebo': CMAKE_PREFIX_PATH=/home/pinky/pinky_violet/install/pinky_description:/home/pinky/pinky_violet/install/sllidar_ros2:/home/pinky/pinky_violet/install/pinky_navigation:/home/pinky/pinky_violet/install/pinky_gazebo:/home/pinky/pinky_violet/install/pinky_cartographer:/opt/ros/jazzy/opt/gz_sim_vendor:/opt/ros/jazzy/opt/gz_sensors_vendor:/opt/ros/jazzy/opt/gz_physics_vendor:/opt/ros/jazzy/opt/sdformat_vendor:/opt/ros/jazzy/opt/gz_gui_vendor:/opt/ros/jazzy/opt/gz_transport_vendor:/opt/ros/jazzy/opt/gz_rendering_vendor:/opt/ros/jazzy/opt/gz_plugin_vendor:/opt/ros/jazzy/opt/gz_fuel_tools_vendor:/opt/ros/jazzy/opt/gz_msgs_vendor:/opt/ros/jazzy/opt/gz_common_vendor:/opt/ros/jazzy/opt/gz_math_vendor:/opt/ros/jazzy/opt/gz_utils_vendor:/opt/ros/jazzy/opt/gz_tools_vendor:/opt/ros/jazzy/opt/gz_ogre_next_vendor:/opt/ros/jazzy/opt/gz_dartsim_vendor:/opt/ros/jazzy/opt/gz_cmake_vendor:/home/pinky/pinky_violet/install/pinky_bringup:/home/pinky/pinky_violet/install/ros2_icm20948:/opt/ros/jazzy DEBUGINFOD_URLS=https://debuginfod.ubuntu.com /usr/bin/cmake --install /home/pinky/pinky_violet/build/pinky_gazebo
[6.364s] Level 1:colcon.colcon_core.environment:create_environment_scripts_only(pinky_gazebo)
[6.365s] Level 1:colcon.colcon_core.environment:checking '/home/pinky/pinky_violet/install/pinky_gazebo' for CMake module files
[6.366s] DEBUG:colcon.colcon_core.event_handler.log_command:Invoked command in '/home/pinky/pinky_violet/build/pinky_gazebo' returned '0': CMAKE_PREFIX_PATH=/home/pinky/pinky_violet/install/pinky_description:/home/pinky/pinky_violet/install/sllidar_ros2:/home/pinky/pinky_violet/install/pinky_navigation:/home/pinky/pinky_violet/install/pinky_gazebo:/home/pinky/pinky_violet/install/pinky_cartographer:/opt/ros/jazzy/opt/gz_sim_vendor:/opt/ros/jazzy/opt/gz_sensors_vendor:/opt/ros/jazzy/opt/gz_physics_vendor:/opt/ros/jazzy/opt/sdformat_vendor:/opt/ros/jazzy/opt/gz_gui_vendor:/opt/ros/jazzy/opt/gz_transport_vendor:/opt/ros/jazzy/opt/gz_rendering_vendor:/opt/ros/jazzy/opt/gz_plugin_vendor:/opt/ros/jazzy/opt/gz_fuel_tools_vendor:/opt/ros/jazzy/opt/gz_msgs_vendor:/opt/ros/jazzy/opt/gz_common_vendor:/opt/ros/jazzy/opt/gz_math_vendor:/opt/ros/jazzy/opt/gz_utils_vendor:/opt/ros/jazzy/opt/gz_tools_vendor:/opt/ros/jazzy/opt/gz_ogre_next_vendor:/opt/ros/jazzy/opt/gz_dartsim_vendor:/opt/ros/jazzy/opt/gz_cmake_vendor:/home/pinky/pinky_violet/install/pinky_bringup:/home/pinky/pinky_violet/install/ros2_icm20948:/opt/ros/jazzy DEBUGINFOD_URLS=https://debuginfod.ubuntu.com /usr/bin/cmake --install /home/pinky/pinky_violet/build/pinky_gazebo
[6.366s] Level 1:colcon.colcon_core.environment:checking '/home/pinky/pinky_violet/install/pinky_gazebo' for CMake config files
[6.366s] Level 1:colcon.colcon_core.shell:create_environment_hook('pinky_gazebo', 'cmake_prefix_path')
[6.367s] INFO:colcon.colcon_core.shell:Creating environment hook '/home/pinky/pinky_violet/install/pinky_gazebo/share/pinky_gazebo/hook/cmake_prefix_path.ps1'
[6.368s] INFO:colcon.colcon_core.shell:Creating environment descriptor '/home/pinky/pinky_violet/install/pinky_gazebo/share/pinky_gazebo/hook/cmake_prefix_path.dsv'
[6.368s] INFO:colcon.colcon_core.shell:Creating environment hook '/home/pinky/pinky_violet/install/pinky_gazebo/share/pinky_gazebo/hook/cmake_prefix_path.sh'
[6.369s] Level 1:colcon.colcon_core.environment:checking '/home/pinky/pinky_violet/install/pinky_gazebo/bin'
[6.370s] Level 1:colcon.colcon_core.environment:checking '/home/pinky/pinky_violet/install/pinky_gazebo/lib/pkgconfig/pinky_gazebo.pc'
[6.370s] Level 1:colcon.colcon_core.environment:checking '/home/pinky/pinky_violet/install/pinky_gazebo/lib/python3.12/site-packages'
[6.370s] Level 1:colcon.colcon_core.environment:checking '/home/pinky/pinky_violet/install/pinky_gazebo/bin'
[6.371s] INFO:colcon.colcon_core.shell:Creating package script '/home/pinky/pinky_violet/install/pinky_gazebo/share/pinky_gazebo/package.ps1'
[6.371s] INFO:colcon.colcon_core.shell:Creating package descriptor '/home/pinky/pinky_violet/install/pinky_gazebo/share/pinky_gazebo/package.dsv'
[6.372s] INFO:colcon.colcon_core.shell:Creating package script '/home/pinky/pinky_violet/install/pinky_gazebo/share/pinky_gazebo/package.sh'
[6.373s] INFO:colcon.colcon_core.shell:Creating package script '/home/pinky/pinky_violet/install/pinky_gazebo/share/pinky_gazebo/package.bash'
[6.373s] INFO:colcon.colcon_core.shell:Creating package script '/home/pinky/pinky_violet/install/pinky_gazebo/share/pinky_gazebo/package.zsh'
[6.374s] Level 1:colcon.colcon_core.environment:create_file_with_runtime_dependencies(/home/pinky/pinky_violet/install/pinky_gazebo/share/colcon-core/packages/pinky_gazebo)
[6.375s] Level 1:colcon.colcon_core.environment:create_environment_scripts_only(pinky_gazebo)
[6.375s] Level 1:colcon.colcon_core.environment:checking '/home/pinky/pinky_violet/install/pinky_gazebo' for CMake module files
[6.376s] Level 1:colcon.colcon_core.environment:checking '/home/pinky/pinky_violet/install/pinky_gazebo' for CMake config files
[6.376s] Level 1:colcon.colcon_core.shell:create_environment_hook('pinky_gazebo', 'cmake_prefix_path')
[6.376s] INFO:colcon.colcon_core.shell:Creating environment hook '/home/pinky/pinky_violet/install/pinky_gazebo/share/pinky_gazebo/hook/cmake_prefix_path.ps1'
[6.377s] INFO:colcon.colcon_core.shell:Creating environment descriptor '/home/pinky/pinky_violet/install/pinky_gazebo/share/pinky_gazebo/hook/cmake_prefix_path.dsv'
[6.377s] INFO:colcon.colcon_core.shell:Creating environment hook '/home/pinky/pinky_violet/install/pinky_gazebo/share/pinky_gazebo/hook/cmake_prefix_path.sh'
[6.378s] Level 1:colcon.colcon_core.environment:checking '/home/pinky/pinky_violet/install/pinky_gazebo/bin'
[6.378s] Level 1:colcon.colcon_core.environment:checking '/home/pinky/pinky_violet/install/pinky_gazebo/lib/pkgconfig/pinky_gazebo.pc'
[6.379s] Level 1:colcon.colcon_core.environment:checking '/home/pinky/pinky_violet/install/pinky_gazebo/lib/python3.12/site-packages'
[6.379s] Level 1:colcon.colcon_core.environment:checking '/home/pinky/pinky_violet/install/pinky_gazebo/bin'
[6.380s] INFO:colcon.colcon_core.shell:Creating package script '/home/pinky/pinky_violet/install/pinky_gazebo/share/pinky_gazebo/package.ps1'
[6.381s] INFO:colcon.colcon_core.shell:Creating package descriptor '/home/pinky/pinky_violet/install/pinky_gazebo/share/pinky_gazebo/package.dsv'
[6.382s] INFO:colcon.colcon_core.shell:Creating package script '/home/pinky/pinky_violet/install/pinky_gazebo/share/pinky_gazebo/package.sh'
[6.383s] INFO:colcon.colcon_core.shell:Creating package script '/home/pinky/pinky_violet/install/pinky_gazebo/share/pinky_gazebo/package.bash'
[6.384s] INFO:colcon.colcon_core.shell:Creating package script '/home/pinky/pinky_violet/install/pinky_gazebo/share/pinky_gazebo/package.zsh'
[6.385s] Level 1:colcon.colcon_core.environment:create_file_with_runtime_dependencies(/home/pinky/pinky_violet/install/pinky_gazebo/share/colcon-core/packages/pinky_gazebo)
[6.477s] DEBUG:colcon.colcon_core.event_handler.log_command:Invoking command in '/home/pinky/pinky_violet/src/pinky_violet/pinky_bringup': AMENT_PREFIX_PATH=/home/pinky/pinky_violet/install/ros2_icm20948:/home/pinky/pinky_violet/install/sllidar_ros2:/home/pinky/pinky_violet/install/pinky_bringup:/home/pinky/pinky_violet/install/pinky_navigation:/home/pinky/pinky_violet/install/pinky_gazebo:/home/pinky/pinky_violet/install/pinky_description:/home/pinky/pinky_violet/install/pinky_cartographer:/opt/ros/jazzy DEBUGINFOD_URLS=https://debuginfod.ubuntu.com PYTHONPATH=/home/pinky/pinky_violet/build/pinky_bringup/prefix_override:/usr/lib/python3/dist-packages/colcon_core/task/python/colcon_distutils_commands:/home/pinky/pinky_violet/install/pinky_bringup/lib/python3.12/site-packages:/home/pinky/pinky_violet/install/ros2_icm20948/lib/python3.12/site-packages:/home/pinky/pinky_violet/install/pinky_bringup/lib/python3.12/site-packages:/opt/ros/jazzy/lib/python3.12/site-packages /usr/bin/python3 -W ignore:setup.py install is deprecated -W ignore:easy_install command is deprecated setup.py egg_info --egg-base ../../../build/pinky_bringup build --build-base /home/pinky/pinky_violet/build/pinky_bringup/build install --record /home/pinky/pinky_violet/build/pinky_bringup/install.log --single-version-externally-managed install_data
[7.307s] DEBUG:colcon.colcon_core.event_handler.log_command:Invoked command in '/home/pinky/pinky_violet/build/sllidar_ros2' returned '0': CMAKE_PREFIX_PATH=${CMAKE_PREFIX_PATH}:/home/pinky/pinky_violet/install/pinky_bringup:/home/pinky/pinky_violet/install/ros2_icm20948:/opt/ros/jazzy DEBUGINFOD_URLS=https://debuginfod.ubuntu.com /usr/bin/cmake /home/pinky/pinky_violet/src/sllidar_ros2 -DCMAKE_INSTALL_PREFIX=/home/pinky/pinky_violet/install/sllidar_ros2
[7.310s] DEBUG:colcon.colcon_core.event_handler.log_command:Invoking command in '/home/pinky/pinky_violet/build/sllidar_ros2': CMAKE_PREFIX_PATH=${CMAKE_PREFIX_PATH}:/home/pinky/pinky_violet/install/pinky_bringup:/home/pinky/pinky_violet/install/ros2_icm20948:/opt/ros/jazzy DEBUGINFOD_URLS=https://debuginfod.ubuntu.com /usr/bin/cmake --build /home/pinky/pinky_violet/build/sllidar_ros2 -- -j4 -l4
[7.355s] Level 1:colcon.colcon_core.environment:checking '/home/pinky/pinky_violet/install/pinky_bringup' for CMake module files
[7.356s] DEBUG:colcon.colcon_core.event_handler.log_command:Invoked command in '/home/pinky/pinky_violet/src/pinky_violet/pinky_bringup' returned '0': AMENT_PREFIX_PATH=/home/pinky/pinky_violet/install/ros2_icm20948:/home/pinky/pinky_violet/install/sllidar_ros2:/home/pinky/pinky_violet/install/pinky_bringup:/home/pinky/pinky_violet/install/pinky_navigation:/home/pinky/pinky_violet/install/pinky_gazebo:/home/pinky/pinky_violet/install/pinky_description:/home/pinky/pinky_violet/install/pinky_cartographer:/opt/ros/jazzy DEBUGINFOD_URLS=https://debuginfod.ubuntu.com PYTHONPATH=/home/pinky/pinky_violet/build/pinky_bringup/prefix_override:/usr/lib/python3/dist-packages/colcon_core/task/python/colcon_distutils_commands:/home/pinky/pinky_violet/install/pinky_bringup/lib/python3.12/site-packages:/home/pinky/pinky_violet/install/ros2_icm20948/lib/python3.12/site-packages:/home/pinky/pinky_violet/install/pinky_bringup/lib/python3.12/site-packages:/opt/ros/jazzy/lib/python3.12/site-packages /usr/bin/python3 -W ignore:setup.py install is deprecated -W ignore:easy_install command is deprecated setup.py egg_info --egg-base ../../../build/pinky_bringup build --build-base /home/pinky/pinky_violet/build/pinky_bringup/build install --record /home/pinky/pinky_violet/build/pinky_bringup/install.log --single-version-externally-managed install_data
[7.357s] Level 1:colcon.colcon_core.environment:checking '/home/pinky/pinky_violet/install/pinky_bringup' for CMake config files
[7.357s] Level 1:colcon.colcon_core.environment:checking '/home/pinky/pinky_violet/install/pinky_bringup/lib'
[7.357s] Level 1:colcon.colcon_core.environment:checking '/home/pinky/pinky_violet/install/pinky_bringup/bin'
[7.358s] Level 1:colcon.colcon_core.environment:checking '/home/pinky/pinky_violet/install/pinky_bringup/lib/pkgconfig/pinky_bringup.pc'
[7.358s] Level 1:colcon.colcon_core.environment:checking '/home/pinky/pinky_violet/install/pinky_bringup/lib/python3.12/site-packages'
[7.358s] Level 1:colcon.colcon_core.shell:create_environment_hook('pinky_bringup', 'pythonpath')
[7.358s] INFO:colcon.colcon_core.shell:Creating environment hook '/home/pinky/pinky_violet/install/pinky_bringup/share/pinky_bringup/hook/pythonpath.ps1'
[7.359s] INFO:colcon.colcon_core.shell:Creating environment descriptor '/home/pinky/pinky_violet/install/pinky_bringup/share/pinky_bringup/hook/pythonpath.dsv'
[7.359s] INFO:colcon.colcon_core.shell:Creating environment hook '/home/pinky/pinky_violet/install/pinky_bringup/share/pinky_bringup/hook/pythonpath.sh'
[7.360s] Level 1:colcon.colcon_core.environment:checking '/home/pinky/pinky_violet/install/pinky_bringup/bin'
[7.360s] Level 1:colcon.colcon_core.environment:create_environment_scripts_only(pinky_bringup)
[7.360s] INFO:colcon.colcon_core.shell:Creating package script '/home/pinky/pinky_violet/install/pinky_bringup/share/pinky_bringup/package.ps1'
[7.361s] INFO:colcon.colcon_core.shell:Creating package descriptor '/home/pinky/pinky_violet/install/pinky_bringup/share/pinky_bringup/package.dsv'
[7.361s] INFO:colcon.colcon_core.shell:Creating package script '/home/pinky/pinky_violet/install/pinky_bringup/share/pinky_bringup/package.sh'
[7.362s] INFO:colcon.colcon_core.shell:Creating package script '/home/pinky/pinky_violet/install/pinky_bringup/share/pinky_bringup/package.bash'
[7.362s] INFO:colcon.colcon_core.shell:Creating package script '/home/pinky/pinky_violet/install/pinky_bringup/share/pinky_bringup/package.zsh'
[7.363s] Level 1:colcon.colcon_core.environment:create_file_with_runtime_dependencies(/home/pinky/pinky_violet/install/pinky_bringup/share/colcon-core/packages/pinky_bringup)
[28.578s] DEBUG:colcon.colcon_core.event_handler.log_command:Invoked command in '/home/pinky/pinky_violet/build/sllidar_ros2' returned '0': CMAKE_PREFIX_PATH=${CMAKE_PREFIX_PATH}:/home/pinky/pinky_violet/install/pinky_bringup:/home/pinky/pinky_violet/install/ros2_icm20948:/opt/ros/jazzy DEBUGINFOD_URLS=https://debuginfod.ubuntu.com /usr/bin/cmake --build /home/pinky/pinky_violet/build/sllidar_ros2 -- -j4 -l4
[28.580s] DEBUG:colcon.colcon_core.event_handler.log_command:Invoking command in '/home/pinky/pinky_violet/build/sllidar_ros2': CMAKE_PREFIX_PATH=${CMAKE_PREFIX_PATH}:/home/pinky/pinky_violet/install/pinky_bringup:/home/pinky/pinky_violet/install/ros2_icm20948:/opt/ros/jazzy DEBUGINFOD_URLS=https://debuginfod.ubuntu.com /usr/bin/cmake --install /home/pinky/pinky_violet/build/sllidar_ros2
[28.630s] Level 1:colcon.colcon_core.environment:create_environment_scripts_only(sllidar_ros2)
[28.630s] Level 1:colcon.colcon_core.environment:checking '/home/pinky/pinky_violet/install/sllidar_ros2' for CMake module files
[28.631s] DEBUG:colcon.colcon_core.event_handler.log_command:Invoked command in '/home/pinky/pinky_violet/build/sllidar_ros2' returned '0': CMAKE_PREFIX_PATH=${CMAKE_PREFIX_PATH}:/home/pinky/pinky_violet/install/pinky_bringup:/home/pinky/pinky_violet/install/ros2_icm20948:/opt/ros/jazzy DEBUGINFOD_URLS=https://debuginfod.ubuntu.com /usr/bin/cmake --install /home/pinky/pinky_violet/build/sllidar_ros2
[28.631s] Level 1:colcon.colcon_core.environment:checking '/home/pinky/pinky_violet/install/sllidar_ros2' for CMake config files
[28.632s] Level 1:colcon.colcon_core.shell:create_environment_hook('sllidar_ros2', 'cmake_prefix_path')
[28.632s] INFO:colcon.colcon_core.shell:Creating environment hook '/home/pinky/pinky_violet/install/sllidar_ros2/share/sllidar_ros2/hook/cmake_prefix_path.ps1'
[28.633s] INFO:colcon.colcon_core.shell:Creating environment descriptor '/home/pinky/pinky_violet/install/sllidar_ros2/share/sllidar_ros2/hook/cmake_prefix_path.dsv'
[28.633s] INFO:colcon.colcon_core.shell:Creating environment hook '/home/pinky/pinky_violet/install/sllidar_ros2/share/sllidar_ros2/hook/cmake_prefix_path.sh'
[28.634s] Level 1:colcon.colcon_core.environment:checking '/home/pinky/pinky_violet/install/sllidar_ros2/lib'
[28.634s] Level 1:colcon.colcon_core.environment:checking '/home/pinky/pinky_violet/install/sllidar_ros2/bin'
[28.634s] Level 1:colcon.colcon_core.environment:checking '/home/pinky/pinky_violet/install/sllidar_ros2/lib/pkgconfig/sllidar_ros2.pc'
[28.634s] Level 1:colcon.colcon_core.environment:checking '/home/pinky/pinky_violet/install/sllidar_ros2/lib/python3.12/site-packages'
[28.634s] Level 1:colcon.colcon_core.environment:checking '/home/pinky/pinky_violet/install/sllidar_ros2/bin'
[28.635s] INFO:colcon.colcon_core.shell:Creating package script '/home/pinky/pinky_violet/install/sllidar_ros2/share/sllidar_ros2/package.ps1'
[28.635s] INFO:colcon.colcon_core.shell:Creating package descriptor '/home/pinky/pinky_violet/install/sllidar_ros2/share/sllidar_ros2/package.dsv'
[28.636s] INFO:colcon.colcon_core.shell:Creating package script '/home/pinky/pinky_violet/install/sllidar_ros2/share/sllidar_ros2/package.sh'
[28.636s] INFO:colcon.colcon_core.shell:Creating package script '/home/pinky/pinky_violet/install/sllidar_ros2/share/sllidar_ros2/package.bash'
[28.636s] INFO:colcon.colcon_core.shell:Creating package script '/home/pinky/pinky_violet/install/sllidar_ros2/share/sllidar_ros2/package.zsh'
[28.637s] Level 1:colcon.colcon_core.environment:create_file_with_runtime_dependencies(/home/pinky/pinky_violet/install/sllidar_ros2/share/colcon-core/packages/sllidar_ros2)
[28.638s] Level 1:colcon.colcon_core.environment:create_environment_scripts_only(sllidar_ros2)
[28.638s] Level 1:colcon.colcon_core.environment:checking '/home/pinky/pinky_violet/install/sllidar_ros2' for CMake module files
[28.639s] Level 1:colcon.colcon_core.environment:checking '/home/pinky/pinky_violet/install/sllidar_ros2' for CMake config files
[28.639s] Level 1:colcon.colcon_core.shell:create_environment_hook('sllidar_ros2', 'cmake_prefix_path')
[28.639s] INFO:colcon.colcon_core.shell:Creating environment hook '/home/pinky/pinky_violet/install/sllidar_ros2/share/sllidar_ros2/hook/cmake_prefix_path.ps1'
[28.640s] INFO:colcon.colcon_core.shell:Creating environment descriptor '/home/pinky/pinky_violet/install/sllidar_ros2/share/sllidar_ros2/hook/cmake_prefix_path.dsv'
[28.640s] INFO:colcon.colcon_core.shell:Creating environment hook '/home/pinky/pinky_violet/install/sllidar_ros2/share/sllidar_ros2/hook/cmake_prefix_path.sh'
[28.641s] Level 1:colcon.colcon_core.environment:checking '/home/pinky/pinky_violet/install/sllidar_ros2/lib'
[28.642s] Level 1:colcon.colcon_core.environment:checking '/home/pinky/pinky_violet/install/sllidar_ros2/bin'
[28.642s] Level 1:colcon.colcon_core.environment:checking '/home/pinky/pinky_violet/install/sllidar_ros2/lib/pkgconfig/sllidar_ros2.pc'
[28.642s] Level 1:colcon.colcon_core.environment:checking '/home/pinky/pinky_violet/install/sllidar_ros2/lib/python3.12/site-packages'
[28.642s] Level 1:colcon.colcon_core.environment:checking '/home/pinky/pinky_violet/install/sllidar_ros2/bin'
[28.643s] INFO:colcon.colcon_core.shell:Creating package script '/home/pinky/pinky_violet/install/sllidar_ros2/share/sllidar_ros2/package.ps1'
[28.644s] INFO:colcon.colcon_core.shell:Creating package descriptor '/home/pinky/pinky_violet/install/sllidar_ros2/share/sllidar_ros2/package.dsv'
[28.644s] INFO:colcon.colcon_core.shell:Creating package script '/home/pinky/pinky_violet/install/sllidar_ros2/share/sllidar_ros2/package.sh'
[28.645s] INFO:colcon.colcon_core.shell:Creating package script '/home/pinky/pinky_violet/install/sllidar_ros2/share/sllidar_ros2/package.bash'
[28.646s] INFO:colcon.colcon_core.shell:Creating package script '/home/pinky/pinky_violet/install/sllidar_ros2/share/sllidar_ros2/package.zsh'
[28.647s] Level 1:colcon.colcon_core.environment:create_file_with_runtime_dependencies(/home/pinky/pinky_violet/install/sllidar_ros2/share/colcon-core/packages/sllidar_ros2)
[28.648s] DEBUG:colcon.colcon_parallel_executor.executor.parallel:closing loop
[28.649s] DEBUG:colcon.colcon_parallel_executor.executor.parallel:loop closed
[28.649s] DEBUG:colcon.colcon_parallel_executor.executor.parallel:run_until_complete finished with '0'
[28.649s] DEBUG:colcon.colcon_core.event_reactor:joining thread
[28.661s] INFO:colcon.colcon_core.plugin_system:Skipping extension 'colcon_notification.desktop_notification.terminal_notifier': Not used on non-Darwin systems
[28.661s] INFO:colcon.colcon_core.plugin_system:Skipping extension 'colcon_notification.desktop_notification.win32': Not used on non-Windows systems
[28.661s] INFO:colcon.colcon_notification.desktop_notification:Sending desktop notification using 'notify2'
[28.663s] DEBUG:colcon.colcon_notification.desktop_notification.notify2:Failed to initialize notify2: org.freedesktop.DBus.Error.ServiceUnknown: The name org.freedesktop.Notifications was not provided by any .service files
[28.663s] DEBUG:colcon.colcon_core.event_reactor:joined thread
[28.663s] INFO:colcon.colcon_core.shell:Creating prefix script '/home/pinky/pinky_violet/install/local_setup.ps1'
[28.665s] INFO:colcon.colcon_core.shell:Creating prefix util module '/home/pinky/pinky_violet/install/_local_setup_util_ps1.py'
[28.667s] INFO:colcon.colcon_core.shell:Creating prefix chain script '/home/pinky/pinky_violet/install/setup.ps1'
[28.669s] INFO:colcon.colcon_core.shell:Creating prefix script '/home/pinky/pinky_violet/install/local_setup.sh'
[28.670s] INFO:colcon.colcon_core.shell:Creating prefix util module '/home/pinky/pinky_violet/install/_local_setup_util_sh.py'
[28.671s] INFO:colcon.colcon_core.shell:Creating prefix chain script '/home/pinky/pinky_violet/install/setup.sh'
[28.673s] INFO:colcon.colcon_core.shell:Creating prefix script '/home/pinky/pinky_violet/install/local_setup.bash'
[28.674s] INFO:colcon.colcon_core.shell:Creating prefix chain script '/home/pinky/pinky_violet/install/setup.bash'
[28.676s] INFO:colcon.colcon_core.shell:Creating prefix script '/home/pinky/pinky_violet/install/local_setup.zsh'
[28.677s] INFO:colcon.colcon_core.shell:Creating prefix chain script '/home/pinky/pinky_violet/install/setup.zsh'
