[0.038s] Invoking command in '/home/pinky/pinky_violet/build/pinky_description': CMAKE_PREFIX_PATH=${CMAKE_PREFIX_PATH}:/home/pinky/pinky_violet/install/pinky_bringup:/home/pinky/pinky_violet/install/ros2_icm20948:/opt/ros/jazzy DEBUGINFOD_URLS=https://debuginfod.ubuntu.com /usr/bin/cmake /home/pinky/pinky_violet/src/pinky_violet/pinky_description -DCMAKE_INSTALL_PREFIX=/home/pinky/pinky_violet/install/pinky_description
[0.829s] -- The C compiler identification is GNU 13.2.0
[1.699s] -- The CXX compiler identification is GNU 13.2.0
[1.747s] -- Detecting C compiler ABI info
[1.994s] -- Detecting C compiler ABI info - done
[2.009s] -- Check for working C compiler: /usr/bin/cc - skipped
[2.009s] -- Detecting C compile features
[2.009s] -- Detecting C compile features - done
[2.028s] -- Detecting CXX compiler ABI info
[2.260s] -- Detecting CXX compiler ABI info - done
[2.278s] -- Check for working CXX compiler: /usr/bin/c++ - skipped
[2.278s] -- Detecting CXX compile features
[2.278s] -- Detecting CXX compile features - done
[2.292s] -- Found ament_cmake: 2.5.2 (/opt/ros/jazzy/share/ament_cmake/cmake)
[2.655s] -- Found Python3: /usr/bin/python3 (found version "3.12.3") found components: Interpreter 
[3.005s] -- Found ament_lint_auto: 0.17.1 (/opt/ros/jazzy/share/ament_lint_auto/cmake)
[3.316s] -- Added test 'lint_cmake' to check CMake code style
[3.320s] -- Added test 'xmllint' to check XML markup files
[3.326s] -- Configuring done (3.2s)
[3.328s] -- Generating done (0.0s)
[3.333s] -- Build files have been written to: /home/pinky/pinky_violet/build/pinky_description
[3.352s] Invoked command in '/home/pinky/pinky_violet/build/pinky_description' returned '0': CMAKE_PREFIX_PATH=${CMAKE_PREFIX_PATH}:/home/pinky/pinky_violet/install/pinky_bringup:/home/pinky/pinky_violet/install/ros2_icm20948:/opt/ros/jazzy DEBUGINFOD_URLS=https://debuginfod.ubuntu.com /usr/bin/cmake /home/pinky/pinky_violet/src/pinky_violet/pinky_description -DCMAKE_INSTALL_PREFIX=/home/pinky/pinky_violet/install/pinky_description
[3.353s] Invoking command in '/home/pinky/pinky_violet/build/pinky_description': CMAKE_PREFIX_PATH=${CMAKE_PREFIX_PATH}:/home/pinky/pinky_violet/install/pinky_bringup:/home/pinky/pinky_violet/install/ros2_icm20948:/opt/ros/jazzy DEBUGINFOD_URLS=https://debuginfod.ubuntu.com /usr/bin/cmake --build /home/pinky/pinky_violet/build/pinky_description -- -j4 -l4
[3.463s] Invoked command in '/home/pinky/pinky_violet/build/pinky_description' returned '0': CMAKE_PREFIX_PATH=${CMAKE_PREFIX_PATH}:/home/pinky/pinky_violet/install/pinky_bringup:/home/pinky/pinky_violet/install/ros2_icm20948:/opt/ros/jazzy DEBUGINFOD_URLS=https://debuginfod.ubuntu.com /usr/bin/cmake --build /home/pinky/pinky_violet/build/pinky_description -- -j4 -l4
[3.463s] Invoking command in '/home/pinky/pinky_violet/build/pinky_description': CMAKE_PREFIX_PATH=${CMAKE_PREFIX_PATH}:/home/pinky/pinky_violet/install/pinky_bringup:/home/pinky/pinky_violet/install/ros2_icm20948:/opt/ros/jazzy DEBUGINFOD_URLS=https://debuginfod.ubuntu.com /usr/bin/cmake --install /home/pinky/pinky_violet/build/pinky_description
[3.483s] -- Install configuration: ""
[3.483s] -- Installing: /home/pinky/pinky_violet/install/pinky_description/share/pinky_description/rviz
[3.483s] -- Installing: /home/pinky/pinky_violet/install/pinky_description/share/pinky_description/rviz/urdf_config.rviz
[3.485s] -- Installing: /home/pinky/pinky_violet/install/pinky_description/share/pinky_description/urdf
[3.485s] -- Installing: /home/pinky/pinky_violet/install/pinky_description/share/pinky_description/urdf/robot.urdf.xacro
[3.487s] -- Installing: /home/pinky/pinky_violet/install/pinky_description/share/pinky_description/urdf/inertial_macros.xacro
[3.487s] -- Installing: /home/pinky/pinky_violet/install/pinky_description/share/pinky_description/urdf/ros2_control.xacro
[3.488s] -- Installing: /home/pinky/pinky_violet/install/pinky_description/share/pinky_description/urdf/gazebo_control.xacro
[3.488s] -- Installing: /home/pinky/pinky_violet/install/pinky_description/share/pinky_description/urdf/robot_gazebo.xacro
[3.488s] -- Installing: /home/pinky/pinky_violet/install/pinky_description/share/pinky_description/urdf/camera.xacro
[3.489s] -- Installing: /home/pinky/pinky_violet/install/pinky_description/share/pinky_description/urdf/lidar.xacro
[3.490s] -- Installing: /home/pinky/pinky_violet/install/pinky_description/share/pinky_description/urdf/robot_core.xacro
[3.492s] -- Installing: /home/pinky/pinky_violet/install/pinky_description/share/pinky_description/launch
[3.492s] -- Installing: /home/pinky/pinky_violet/install/pinky_description/share/pinky_description/launch/display.launch.xml
[3.493s] -- Installing: /home/pinky/pinky_violet/install/pinky_description/share/pinky_description/launch/upload.launch.xml
[3.494s] -- Installing: /home/pinky/pinky_violet/install/pinky_description/share/pinky_description/meshes
[3.494s] -- Installing: /home/pinky/pinky_violet/install/pinky_description/share/pinky_description/meshes/collision
[3.495s] -- Installing: /home/pinky/pinky_violet/install/pinky_description/share/pinky_description/meshes/collision/base_link_old.stl
[3.541s] -- Installing: /home/pinky/pinky_violet/install/pinky_description/share/pinky_description/meshes/collision/camera.stl
[3.544s] -- Installing: /home/pinky/pinky_violet/install/pinky_description/share/pinky_description/meshes/collision/ul_sensor.stl
[3.548s] -- Installing: /home/pinky/pinky_violet/install/pinky_description/share/pinky_description/meshes/collision/caster.stl
[3.548s] -- Installing: /home/pinky/pinky_violet/install/pinky_description/share/pinky_description/meshes/collision/lidar.stl
[3.567s] -- Installing: /home/pinky/pinky_violet/install/pinky_description/share/pinky_description/meshes/collision/base_link.stl
[3.626s] -- Installing: /home/pinky/pinky_violet/install/pinky_description/share/pinky_description/meshes/collision/wheel.stl
[3.634s] -- Installing: /home/pinky/pinky_violet/install/pinky_description/share/pinky_description/meshes/visual
[3.634s] -- Installing: /home/pinky/pinky_violet/install/pinky_description/share/pinky_description/meshes/visual/caster.dae
[3.636s] -- Installing: /home/pinky/pinky_violet/install/pinky_description/share/pinky_description/meshes/visual/wheel.dae
[3.650s] -- Installing: /home/pinky/pinky_violet/install/pinky_description/share/pinky_description/meshes/visual/lidar.dae
[3.678s] -- Installing: /home/pinky/pinky_violet/install/pinky_description/share/pinky_description/meshes/visual/base_link_old.dae
[3.736s] -- Installing: /home/pinky/pinky_violet/install/pinky_description/share/pinky_description/meshes/visual/base_link.dae
[3.769s] -- Installing: /home/pinky/pinky_violet/install/pinky_description/share/pinky_description/meshes/visual/camera.dae
[3.772s] -- Installing: /home/pinky/pinky_violet/install/pinky_description/share/pinky_description/meshes/visual/ul_sensor.dae
[3.777s] -- Installing: /home/pinky/pinky_violet/install/pinky_description/share/ament_index/resource_index/package_run_dependencies/pinky_description
[3.778s] -- Installing: /home/pinky/pinky_violet/install/pinky_description/share/ament_index/resource_index/parent_prefix_path/pinky_description
[3.778s] -- Installing: /home/pinky/pinky_violet/install/pinky_description/share/pinky_description/environment/ament_prefix_path.sh
[3.778s] -- Installing: /home/pinky/pinky_violet/install/pinky_description/share/pinky_description/environment/ament_prefix_path.dsv
[3.778s] -- Installing: /home/pinky/pinky_violet/install/pinky_description/share/pinky_description/environment/path.sh
[3.780s] -- Installing: /home/pinky/pinky_violet/install/pinky_description/share/pinky_description/environment/path.dsv
[3.780s] -- Installing: /home/pinky/pinky_violet/install/pinky_description/share/pinky_description/local_setup.bash
[3.780s] -- Installing: /home/pinky/pinky_violet/install/pinky_description/share/pinky_description/local_setup.sh
[3.780s] -- Installing: /home/pinky/pinky_violet/install/pinky_description/share/pinky_description/local_setup.zsh
[3.780s] -- Installing: /home/pinky/pinky_violet/install/pinky_description/share/pinky_description/local_setup.dsv
[3.780s] -- Installing: /home/pinky/pinky_violet/install/pinky_description/share/pinky_description/package.dsv
[3.780s] -- Installing: /home/pinky/pinky_violet/install/pinky_description/share/ament_index/resource_index/packages/pinky_description
[3.781s] -- Installing: /home/pinky/pinky_violet/install/pinky_description/share/pinky_description/cmake/pinky_descriptionConfig.cmake
[3.781s] -- Installing: /home/pinky/pinky_violet/install/pinky_description/share/pinky_description/cmake/pinky_descriptionConfig-version.cmake
[3.781s] -- Installing: /home/pinky/pinky_violet/install/pinky_description/share/pinky_description/package.xml
[3.785s] Invoked command in '/home/pinky/pinky_violet/build/pinky_description' returned '0': CMAKE_PREFIX_PATH=${CMAKE_PREFIX_PATH}:/home/pinky/pinky_violet/install/pinky_bringup:/home/pinky/pinky_violet/install/ros2_icm20948:/opt/ros/jazzy DEBUGINFOD_URLS=https://debuginfod.ubuntu.com /usr/bin/cmake --install /home/pinky/pinky_violet/build/pinky_description
